<?xml version="1.0" encoding="UTF-8"?>
<testsuite name="net.corda.samples.negotiation.UpdateFlowTests" tests="1" skipped="0" failures="1" errors="0" timestamp="2021-03-15T21:44:53" hostname="DESKTOP-GCG8F06" time="23.907">
  <properties/>
  <testcase name="test update flow" classname="net.corda.samples.negotiation.UpdateFlowTests" time="23.907">
    <failure message="java.util.concurrent.ExecutionException: net.corda.core.flows.UnexpectedFlowEndException: Counter-flow errored" type="java.util.concurrent.ExecutionException">java.util.concurrent.ExecutionException: net.corda.core.flows.UnexpectedFlowEndException: Counter-flow errored
	at java.util.concurrent.CompletableFuture.reportGet(CompletableFuture.java:357)
	at java.util.concurrent.CompletableFuture.get(CompletableFuture.java:1908)
	at net.corda.core.internal.concurrent.CordaFutureImpl.get(CordaFutureImpl.kt)
	at net.corda.samples.negotiation.FlowTestsBaseV2.nodeBUpdate(FlowTestsBaseV2.kt:75)
	at net.corda.samples.negotiation.UpdateFlowTests.testUpdate(UpdateFlowTests.kt:27)
	at net.corda.samples.negotiation.UpdateFlowTests.test update flow(UpdateFlowTests.kt:15)
	at sun.reflect.NativeMethodAccessorImpl.invoke0(Native Method)
	at sun.reflect.NativeMethodAccessorImpl.invoke(NativeMethodAccessorImpl.java:62)
	at sun.reflect.DelegatingMethodAccessorImpl.invoke(DelegatingMethodAccessorImpl.java:43)
	at java.lang.reflect.Method.invoke(Method.java:498)
	at org.junit.runners.model.FrameworkMethod$1.runReflectiveCall(FrameworkMethod.java:50)
	at org.junit.internal.runners.model.ReflectiveCallable.run(ReflectiveCallable.java:12)
	at org.junit.runners.model.FrameworkMethod.invokeExplosively(FrameworkMethod.java:47)
	at org.junit.internal.runners.statements.InvokeMethod.evaluate(InvokeMethod.java:17)
	at org.junit.internal.runners.statements.RunBefores.evaluate(RunBefores.java:26)
	at org.junit.internal.runners.statements.RunAfters.evaluate(RunAfters.java:27)
	at org.junit.runners.ParentRunner.runLeaf(ParentRunner.java:325)
	at org.junit.runners.BlockJUnit4ClassRunner.runChild(BlockJUnit4ClassRunner.java:78)
	at org.junit.runners.BlockJUnit4ClassRunner.runChild(BlockJUnit4ClassRunner.java:57)
	at org.junit.runners.ParentRunner$3.run(ParentRunner.java:290)
	at org.junit.runners.ParentRunner$1.schedule(ParentRunner.java:71)
	at org.junit.runners.ParentRunner.runChildren(ParentRunner.java:288)
	at org.junit.runners.ParentRunner.access$000(ParentRunner.java:58)
	at org.junit.runners.ParentRunner$2.evaluate(ParentRunner.java:268)
	at org.junit.runners.ParentRunner.run(ParentRunner.java:363)
	at org.gradle.api.internal.tasks.testing.junit.JUnitTestClassExecutor.runTestClass(JUnitTestClassExecutor.java:110)
	at org.gradle.api.internal.tasks.testing.junit.JUnitTestClassExecutor.execute(JUnitTestClassExecutor.java:58)
	at org.gradle.api.internal.tasks.testing.junit.JUnitTestClassExecutor.execute(JUnitTestClassExecutor.java:38)
	at org.gradle.api.internal.tasks.testing.junit.AbstractJUnitTestClassProcessor.processTestClass(AbstractJUnitTestClassProcessor.java:62)
	at org.gradle.api.internal.tasks.testing.SuiteTestClassProcessor.processTestClass(SuiteTestClassProcessor.java:51)
	at sun.reflect.NativeMethodAccessorImpl.invoke0(Native Method)
	at sun.reflect.NativeMethodAccessorImpl.invoke(NativeMethodAccessorImpl.java:62)
	at sun.reflect.DelegatingMethodAccessorImpl.invoke(DelegatingMethodAccessorImpl.java:43)
	at java.lang.reflect.Method.invoke(Method.java:498)
	at org.gradle.internal.dispatch.ReflectionDispatch.dispatch(ReflectionDispatch.java:36)
	at org.gradle.internal.dispatch.ReflectionDispatch.dispatch(ReflectionDispatch.java:24)
	at org.gradle.internal.dispatch.ContextClassLoaderDispatch.dispatch(ContextClassLoaderDispatch.java:33)
	at org.gradle.internal.dispatch.ProxyDispatchAdapter$DispatchingInvocationHandler.invoke(ProxyDispatchAdapter.java:94)
	at com.sun.proxy.$Proxy2.processTestClass(Unknown Source)
	at org.gradle.api.internal.tasks.testing.worker.TestWorker.processTestClass(TestWorker.java:118)
	at sun.reflect.NativeMethodAccessorImpl.invoke0(Native Method)
	at sun.reflect.NativeMethodAccessorImpl.invoke(NativeMethodAccessorImpl.java:62)
	at sun.reflect.DelegatingMethodAccessorImpl.invoke(DelegatingMethodAccessorImpl.java:43)
	at java.lang.reflect.Method.invoke(Method.java:498)
	at org.gradle.internal.dispatch.ReflectionDispatch.dispatch(ReflectionDispatch.java:36)
	at org.gradle.internal.dispatch.ReflectionDispatch.dispatch(ReflectionDispatch.java:24)
	at org.gradle.internal.remote.internal.hub.MessageHubBackedObjectConnection$DispatchWrapper.dispatch(MessageHubBackedObjectConnection.java:182)
	at org.gradle.internal.remote.internal.hub.MessageHubBackedObjectConnection$DispatchWrapper.dispatch(MessageHubBackedObjectConnection.java:164)
	at org.gradle.internal.remote.internal.hub.MessageHub$Handler.run(MessageHub.java:412)
	at org.gradle.internal.concurrent.ExecutorPolicy$CatchAndRecordFailures.onExecute(ExecutorPolicy.java:64)
	at org.gradle.internal.concurrent.ManagedExecutorImpl$1.run(ManagedExecutorImpl.java:48)
	at java.util.concurrent.ThreadPoolExecutor.runWorker(ThreadPoolExecutor.java:1149)
	at java.util.concurrent.ThreadPoolExecutor$Worker.run(ThreadPoolExecutor.java:624)
	at org.gradle.internal.concurrent.ThreadFactoryImpl$ManagedThreadRunnable.run(ThreadFactoryImpl.java:56)
	at java.lang.Thread.run(Thread.java:748)
Caused by: net.corda.core.flows.UnexpectedFlowEndException: Counter-flow errored
	at Received unexpected counter-flow exception from peer O=Mock Company 1, L=London, C=GB.()
	at net.corda.node.services.statemachine.FlowStateMachineImpl.fillInLocalStackTrace(FlowStateMachineImpl.kt:244)
	at net.corda.node.services.statemachine.FlowStateMachineImpl.processEventsUntilFlowIsResumed(FlowStateMachineImpl.kt:225)
	at net.corda.node.services.statemachine.FlowStateMachineImpl.suspend(FlowStateMachineImpl.kt:574)
	at net.corda.node.services.statemachine.FlowSessionImpl.receive(FlowSessionImpl.kt:67)
	at net.corda.node.services.statemachine.FlowSessionImpl.receive(FlowSessionImpl.kt:71)
	at net.corda.core.flows.CollectSignatureFlow.call(CollectSignaturesFlow.kt:351)
	at net.corda.core.flows.CollectSignatureFlow.call(CollectSignaturesFlow.kt:199)
	at net.corda.node.services.statemachine.FlowStateMachineImpl.subFlow(FlowStateMachineImpl.kt:417)
	at net.corda.core.flows.FlowLogic.subFlow(FlowLogic.kt:414)
	at net.corda.core.flows.CollectSignaturesFlow.call(CollectSignaturesFlow.kt:177)
	at net.corda.core.flows.CollectSignaturesFlow.call(CollectSignaturesFlow.kt:67)
	at net.corda.node.services.statemachine.FlowStateMachineImpl.subFlow(FlowStateMachineImpl.kt:417)
	at net.corda.core.flows.FlowLogic.subFlow(FlowLogic.kt:414)
	at net.corda.samples.negotiation.flows.UpdateFlow$Initiator.call(UpdateFlow.kt:52)
	at net.corda.samples.negotiation.flows.UpdateFlow$Initiator.call(UpdateFlow.kt:19)
	at net.corda.node.services.statemachine.FlowStateMachineImpl.run(FlowStateMachineImpl.kt:346)
	at net.corda.node.services.statemachine.FlowStateMachineImpl.run(FlowStateMachineImpl.kt:71)
	at co.paralleluniverse.fibers.Fiber.run1(Fiber.java:1092)
	at co.paralleluniverse.fibers.Fiber.exec(Fiber.java:788)
	at co.paralleluniverse.fibers.RunnableFiberTask.doExec(RunnableFiberTask.java:100)
	at co.paralleluniverse.fibers.RunnableFiberTask.run(RunnableFiberTask.java:91)
	at java.util.concurrent.Executors$RunnableAdapter.call(Executors.java:511)
	at java.util.concurrent.FutureTask.run(FutureTask.java:266)
	at java.util.concurrent.ScheduledThreadPoolExecutor$ScheduledFutureTask.access$201(ScheduledThreadPoolExecutor.java:180)
	at java.util.concurrent.ScheduledThreadPoolExecutor$ScheduledFutureTask.run(ScheduledThreadPoolExecutor.java:293)
	at java.util.concurrent.ThreadPoolExecutor.runWorker(ThreadPoolExecutor.java:1149)
	at java.util.concurrent.ThreadPoolExecutor$Worker.run(ThreadPoolExecutor.java:624)
	at net.corda.node.utilities.AffinityExecutor$ServiceAffinityExecutor$1$thread$1.run(AffinityExecutor.kt:63)
</failure>
  </testcase>
  <system-out><![CDATA[[INFO ] 22:44:56.067 [Test worker] TestCordappImpl. - Generating CorDapp jar from local project in C:\Users\Jonny\Desktop\corda\samples-kotlin\Advanced\negotiation-cordapp\workflows ...
[INFO ] 22:44:56.251 [Connection worker] TestCordappImpl. - Build
[INFO ] 22:44:57.696 [Connection worker] TestCordappImpl. - Starting Gradle Daemon
[INFO ] 22:44:59.181 [Connection worker] TestCordappImpl. - Connecting to Gradle Daemon
[INFO ] 22:44:59.190 [Connection worker] TestCordappImpl. - Starting Gradle Daemon
[INFO ] 22:44:59.191 [Connection worker] TestCordappImpl. - Build
[INFO ] 22:44:59.593 [Connection worker] TestCordappImpl. - Run build
[INFO ] 22:44:59.614 [Connection worker] TestCordappImpl. - Evaluate settings
[INFO ] 22:44:59.935 [Connection worker] TestCordappImpl. - Run build
[INFO ] 22:44:59.946 [Connection worker] TestCordappImpl. - Configure build
[INFO ] 22:44:59.946 [Connection worker] TestCordappImpl. - Load projects
[INFO ] 22:45:00.067 [Connection worker] TestCordappImpl. - Configure build
[INFO ] 22:45:00.067 [Connection worker] TestCordappImpl. - Configure project :
[INFO ] 22:45:00.471 [Connection worker] TestCordappImpl. - Resolve dependencies of :classpath
[INFO ] 22:45:00.914 [Connection worker] TestCordappImpl. - Configure project :
[INFO ] 22:45:00.914 [Connection worker] TestCordappImpl. - Resolve files of :classpath
[INFO ] 22:45:00.936 [Connection worker] TestCordappImpl. - Configure project :
[INFO ] 22:45:00.936 [Connection worker] TestCordappImpl. - Resolve files of :classpath
[INFO ] 22:45:00.936 [Connection worker] TestCordappImpl. - Configure project :
[INFO ] 22:45:01.628 [Connection worker] TestCordappImpl. - Configure build
[INFO ] 22:45:01.628 [Connection worker] TestCordappImpl. - Configure project :contracts
[INFO ] 22:45:01.661 [Connection worker] TestCordappImpl. - Configure build
[INFO ] 22:45:01.661 [Connection worker] TestCordappImpl. - Configure project :workflows
[INFO ] 22:45:01.683 [Connection worker] TestCordappImpl. - Configure build
[INFO ] 22:45:01.683 [Connection worker] TestCordappImpl. - Run build
[INFO ] 22:45:01.825 [Connection worker] TestCordappImpl. - Resolve dependencies of :workflows:kotlinCompilerClasspath
[INFO ] 22:45:01.835 [Connection worker] TestCordappImpl. - Run build
[INFO ] 22:45:01.835 [Connection worker] TestCordappImpl. - Resolve files of :workflows:kotlinCompilerClasspath
[INFO ] 22:45:01.835 [Connection worker] TestCordappImpl. - Run build
[INFO ] 22:45:01.846 [Connection worker] TestCordappImpl. - Resolve dependencies of :contracts:kotlinCompilerClasspath
[INFO ] 22:45:01.846 [Connection worker] TestCordappImpl. - Run build
[INFO ] 22:45:01.846 [Connection worker] TestCordappImpl. - Resolve files of :contracts:kotlinCompilerClasspath
[INFO ] 22:45:01.846 [Connection worker] TestCordappImpl. - Run build
[INFO ] 22:45:01.857 [Connection worker] TestCordappImpl. - Run tasks
[INFO ] 22:45:01.879 [Connection worker] TestCordappImpl. - Task :contracts:compileKotlin
[INFO ] 22:45:01.890 [Connection worker] TestCordappImpl. - Resolve files of :contracts:kotlinCompilerClasspath
[INFO ] 22:45:01.890 [Connection worker] TestCordappImpl. - Task :contracts:compileKotlin
[INFO ] 22:45:01.934 [Connection worker] TestCordappImpl. - Resolve dependencies of :contracts:kotlinCompilerPluginClasspath
[INFO ] 22:45:01.934 [Connection worker] TestCordappImpl. - Task :contracts:compileKotlin
[INFO ] 22:45:01.934 [Connection worker] TestCordappImpl. - Resolve files of :contracts:kotlinCompilerPluginClasspath
[INFO ] 22:45:01.934 [Connection worker] TestCordappImpl. - Task :contracts:compileKotlin
[INFO ] 22:45:01.945 [Connection worker] TestCordappImpl. - Resolve dependencies of :contracts:compileClasspath
[INFO ] 22:45:01.989 [Connection worker] TestCordappImpl. - Task :contracts:compileKotlin
[INFO ] 22:45:01.989 [Connection worker] TestCordappImpl. - Resolve files of :contracts:compileClasspath
[INFO ] 22:45:02.000 [Connection worker] TestCordappImpl. - Task :contracts:compileKotlin
[INFO ] 22:45:02.302 [Connection worker] TestCordappImpl. - Resolve files of :contracts:compileClasspath
[INFO ] 22:45:02.302 [Connection worker] TestCordappImpl. - Task :contracts:compileKotlin
[INFO ] 22:45:02.313 [Connection worker] TestCordappImpl. - Resolve files of :contracts:kotlinCompilerPluginClasspath
[INFO ] 22:45:02.313 [Connection worker] TestCordappImpl. - Task :contracts:compileKotlin
[INFO ] 22:45:02.324 [Connection worker] TestCordappImpl. - Run tasks
[INFO ] 22:45:02.324 [Connection worker] TestCordappImpl. - Task :contracts:compileJava
[INFO ] 22:45:02.335 [Connection worker] TestCordappImpl. - Run tasks
[INFO ] 22:45:02.335 [Connection worker] TestCordappImpl. - Task :contracts:processResources
[INFO ] 22:45:02.335 [Connection worker] TestCordappImpl. - Run tasks
[INFO ] 22:45:02.335 [Connection worker] TestCordappImpl. - Task :contracts:classes
[INFO ] 22:45:02.335 [Connection worker] TestCordappImpl. - Run tasks
[INFO ] 22:45:02.335 [Connection worker] TestCordappImpl. - Task :contracts:configureCordappFatJar
[INFO ] 22:45:02.335 [Connection worker] TestCordappImpl. - Resolve dependencies of :contracts:runtime
[INFO ] 22:45:02.368 [Connection worker] TestCordappImpl. - Task :contracts:configureCordappFatJar
[INFO ] 22:45:02.368 [Connection worker] TestCordappImpl. - Resolve files of :contracts:runtime
[INFO ] 22:45:02.368 [Connection worker] TestCordappImpl. - Task :contracts:configureCordappFatJar
[INFO ] 22:45:02.368 [Connection worker] TestCordappImpl. - Run tasks
[INFO ] 22:45:02.379 [Connection worker] TestCordappImpl. - Task :contracts:inspectClassesForKotlinIC
[INFO ] 22:45:02.379 [Connection worker] TestCordappImpl. - Run tasks
[INFO ] 22:45:02.379 [Connection worker] TestCordappImpl. - Task :contracts:jar
[INFO ] 22:45:02.390 [Connection worker] TestCordappImpl. - Run tasks
[INFO ] 22:45:02.390 [Connection worker] TestCordappImpl. - Task :workflows:compileKotlin
[INFO ] 22:45:02.390 [Connection worker] TestCordappImpl. - Resolve files of :workflows:kotlinCompilerClasspath
[INFO ] 22:45:02.390 [Connection worker] TestCordappImpl. - Task :workflows:compileKotlin
[INFO ] 22:45:02.401 [Connection worker] TestCordappImpl. - Resolve dependencies of :workflows:kotlinCompilerPluginClasspath
[INFO ] 22:45:02.401 [Connection worker] TestCordappImpl. - Task :workflows:compileKotlin
[INFO ] 22:45:02.401 [Connection worker] TestCordappImpl. - Resolve files of :workflows:kotlinCompilerPluginClasspath
[INFO ] 22:45:02.401 [Connection worker] TestCordappImpl. - Task :workflows:compileKotlin
[INFO ] 22:45:02.401 [Connection worker] TestCordappImpl. - Resolve dependencies of :workflows:compileClasspath
[INFO ] 22:45:02.477 [Connection worker] TestCordappImpl. - Task :workflows:compileKotlin
[INFO ] 22:45:02.477 [Connection worker] TestCordappImpl. - Resolve files of :workflows:compileClasspath
[INFO ] 22:45:02.488 [Connection worker] TestCordappImpl. - Task :workflows:compileKotlin
[INFO ] 22:45:02.488 [Connection worker] TestCordappImpl. - Resolve files of :workflows:compileClasspath
[INFO ] 22:45:02.488 [Connection worker] TestCordappImpl. - Task :workflows:compileKotlin
[INFO ] 22:45:02.510 [Connection worker] TestCordappImpl. - Resolve files of :workflows:kotlinCompilerPluginClasspath
[INFO ] 22:45:02.510 [Connection worker] TestCordappImpl. - Task :workflows:compileKotlin
[INFO ] 22:45:02.510 [Connection worker] TestCordappImpl. - Run tasks
[INFO ] 22:45:02.510 [Connection worker] TestCordappImpl. - Task :workflows:compileJava
[INFO ] 22:45:02.510 [Connection worker] TestCordappImpl. - Run tasks
[INFO ] 22:45:02.510 [Connection worker] TestCordappImpl. - Task :workflows:processResources
[INFO ] 22:45:02.510 [Connection worker] TestCordappImpl. - Run tasks
[INFO ] 22:45:02.521 [Connection worker] TestCordappImpl. - Task :workflows:classes
[INFO ] 22:45:02.521 [Connection worker] TestCordappImpl. - Run tasks
[INFO ] 22:45:02.521 [Connection worker] TestCordappImpl. - Task :workflows:configureCordappFatJar
[INFO ] 22:45:02.521 [Connection worker] TestCordappImpl. - Resolve dependencies of :workflows:runtime
[INFO ] 22:45:02.543 [Connection worker] TestCordappImpl. - Task :workflows:configureCordappFatJar
[INFO ] 22:45:02.543 [Connection worker] TestCordappImpl. - Resolve files of :workflows:runtime
[INFO ] 22:45:02.543 [Connection worker] TestCordappImpl. - Task :workflows:configureCordappFatJar
[INFO ] 22:45:02.543 [Connection worker] TestCordappImpl. - Resolve files of :workflows:runtime
[INFO ] 22:45:02.543 [Connection worker] TestCordappImpl. - Task :workflows:configureCordappFatJar
[INFO ] 22:45:02.543 [Connection worker] TestCordappImpl. - Resolve files of :workflows:runtime
[INFO ] 22:45:02.543 [Connection worker] TestCordappImpl. - Task :workflows:configureCordappFatJar
[INFO ] 22:45:02.543 [Connection worker] TestCordappImpl. - Resolve files of :workflows:runtime
[INFO ] 22:45:02.543 [Connection worker] TestCordappImpl. - Task :workflows:configureCordappFatJar
[INFO ] 22:45:02.543 [Connection worker] TestCordappImpl. - Resolve files of :workflows:runtime
[INFO ] 22:45:02.543 [Connection worker] TestCordappImpl. - Task :workflows:configureCordappFatJar
[INFO ] 22:45:02.543 [Connection worker] TestCordappImpl. - Resolve files of :workflows:runtime
[INFO ] 22:45:02.543 [Connection worker] TestCordappImpl. - Task :workflows:configureCordappFatJar
[INFO ] 22:45:02.543 [Connection worker] TestCordappImpl. - Resolve files of :workflows:runtime
[INFO ] 22:45:02.543 [Connection worker] TestCordappImpl. - Task :workflows:configureCordappFatJar
[INFO ] 22:45:02.543 [Connection worker] TestCordappImpl. - Run tasks
[INFO ] 22:45:02.543 [Connection worker] TestCordappImpl. - Task :workflows:inspectClassesForKotlinIC
[INFO ] 22:45:02.554 [Connection worker] TestCordappImpl. - Run tasks
[INFO ] 22:45:02.554 [Connection worker] TestCordappImpl. - Task :workflows:jar
[INFO ] 22:45:02.565 [Connection worker] TestCordappImpl. - Run tasks
[INFO ] 22:45:02.576 [Connection worker] TestCordappImpl. - Run build
[INFO ] 22:45:02.576 [Connection worker] TestCordappImpl. - Build model 'java.lang.Void' for project ':workflows'
[INFO ] 22:45:02.576 [Connection worker] TestCordappImpl. - Run build
[INFO ] 22:45:02.579 [Connection worker] TestCordappImpl. - Build
[INFO ] 22:45:02.588 [Connection worker] TestCordappImpl. - Deleting unused version-specific caches in C:\Users\Jonny\Desktop\corda\samples-kotlin\Advanced\negotiation-cordapp\.gradle
[INFO ] 22:45:02.588 [Connection worker] TestCordappImpl. - Build
[INFO ] 22:45:02.613 [Connection worker] TestCordappImpl. - 
[INFO ] 22:45:06.509 [Test worker] JarScanningCordappLoader. - Looking for CorDapps in [build\mock-network\20210315-214455.174-489E42A2EAEC62B9\nodes\0\cordapps]
[INFO ] 22:45:06.515 [Test worker] JarScanningCordappLoader. - Loading CorDapps from RestrictedURL(url=file:/C:/Users/Jonny/Desktop/corda/samples-kotlin/Advanced/negotiation-cordapp/workflows/build/mock-network/20210315-214455.174-489E42A2EAEC62B9/nodes/0/cordapps/contracts-0.2.jar, rootPackageName=null), RestrictedURL(url=file:/C:/Users/Jonny/Desktop/corda/samples-kotlin/Advanced/negotiation-cordapp/workflows/build/mock-network/20210315-214455.174-489E42A2EAEC62B9/nodes/0/cordapps/workflows-0.2.jar, rootPackageName=null)
[INFO ] 22:45:06.522 [Test worker] JarScanningCordappLoader. - Scanning CorDapp in file:/C:/Users/Jonny/Desktop/corda/samples-kotlin/Advanced/negotiation-cordapp/workflows/build/mock-network/20210315-214455.174-489E42A2EAEC62B9/nodes/0/cordapps/contracts-0.2.jar
[INFO ] 22:45:06.606 [Test worker] JarScanningCordappLoader. - Scanning CorDapp in file:/C:/Users/Jonny/Desktop/corda/samples-kotlin/Advanced/negotiation-cordapp/workflows/build/mock-network/20210315-214455.174-489E42A2EAEC62B9/nodes/0/cordapps/workflows-0.2.jar
[INFO ] 22:45:07.376 [Test worker] InternalMockNetwork$MockNode. - MessagingService active change to: false
[INFO ] 22:45:07.551 [Test worker] InternalMockNetwork$MockNode. - Flow external operation executor has a max of 2 threads
[INFO ] 22:45:07.591 [Test worker] InternalMockNetwork$MockNode. - Node starting up ...
[INFO ] 22:45:07.664 [Test worker] NodeFlowManager. - Registered net.corda.samples.negotiation.flows.AddItineraryFlow$Initiator to initiate net.corda.samples.negotiation.flows.AddItineraryFlow$Responder (version 1)
[INFO ] 22:45:07.665 [Test worker] NodeFlowManager. - Registered net.corda.samples.negotiation.flows.ArrivalFlow$Initiator to initiate net.corda.samples.negotiation.flows.ArrivalFlow$Responder (version 1)
[INFO ] 22:45:07.665 [Test worker] NodeFlowManager. - Registered net.corda.samples.negotiation.flows.CompleteFlow$Initiator to initiate net.corda.samples.negotiation.flows.CompleteFlow$Responder (version 1)
[INFO ] 22:45:07.666 [Test worker] NodeFlowManager. - Registered net.corda.samples.negotiation.flows.NoticeFlow$Initiator to initiate net.corda.samples.negotiation.flows.NoticeFlow$Responder (version 1)
[INFO ] 22:45:07.667 [Test worker] NodeFlowManager. - Registered net.corda.samples.negotiation.flows.OrderFlow$Initiator to initiate net.corda.samples.negotiation.flows.OrderFlow$Responder (version 1)
[INFO ] 22:45:07.667 [Test worker] NodeFlowManager. - Registered net.corda.samples.negotiation.flows.UpdateFlow$Initiator to initiate net.corda.samples.negotiation.flows.UpdateFlow$Responder (version 1)
[INFO ] 22:45:07.741 [Test worker] InternalMockNetwork$MockNode. - Loaded network parameters: NetworkParameters {
      minimumPlatformVersion=1
      notaries=[NotaryInfo(identity=O=Notary Service, L=Zurich, C=CH, validating=true)]
      maxMessageSize=10485760
      maxTransactionSize=524288000
      whitelistedContractImplementations {
        
      }
      eventHorizon=PT720H
      packageOwnership {
        
      }
      modifiedTime=2021-03-15T21:44:55.116Z
      epoch=1
  }
[INFO ] 22:45:07.787 [Test worker] HikariDataSource. - HikariPool-1 - Starting...
[INFO ] 22:45:08.476 [Test worker] HikariDataSource. - HikariPool-1 - Start completed.
[INFO ] 22:45:10.610 [Test worker] JdbcExecutor. - SELECT MD5SUM FROM PUBLIC.DATABASECHANGELOG WHERE MD5SUM IS NOT NULL
[INFO ] 22:45:10.613 [Test worker] JdbcExecutor. - SELECT COUNT(*) FROM PUBLIC.DATABASECHANGELOG
[INFO ] 22:45:10.614 [Test worker] StandardChangeLogHistoryService. - Reading from PUBLIC.DATABASECHANGELOG
[INFO ] 22:45:10.614 [Test worker] JdbcExecutor. - SELECT * FROM PUBLIC.DATABASECHANGELOG ORDER BY DATEEXECUTED ASC, ORDEREXECUTED ASC
[INFO ] 22:45:10.620 [Test worker] JdbcExecutor. - SELECT COUNT(*) FROM PUBLIC.DATABASECHANGELOGLOCK
[INFO ] 22:45:10.620 [Test worker] JdbcExecutor. - SELECT COUNT(*) FROM PUBLIC.DATABASECHANGELOGLOCK
[INFO ] 22:45:10.676 [Test worker] ValidatingVisitor. - Skipping change set migration/node-notary.changelog-pkey.xml::non-clustered_pk-notary_state::R3.Corda due to validation error(s): clustered is not allowed on h2
[INFO ] 22:45:10.683 [Test worker] JdbcExecutor. - SELECT LOCKED FROM PUBLIC.DATABASECHANGELOGLOCK WHERE ID=1
[INFO ] 22:45:10.690 [Test worker] StandardLockService. - Successfully acquired change log lock
[INFO ] 22:45:10.695 [Test worker] ValidatingVisitor. - Skipping change set migration/node-notary.changelog-pkey.xml::non-clustered_pk-notary_state::R3.Corda due to validation error(s): clustered is not allowed on h2
[INFO ] 22:45:10.698 [Test worker] JdbcExecutor. - DROP TABLE PUBLIC.node_checkpoints
[INFO ] 22:45:10.706 [Test worker] ChangeSet. - Table node_checkpoints dropped
[INFO ] 22:45:10.706 [Test worker] JdbcExecutor. - CREATE TABLE PUBLIC.node_checkpoints (flow_id NVARCHAR(64) NOT NULL, status INT NOT NULL, compatible BOOLEAN NOT NULL, progress_step NVARCHAR(256), flow_io_request NVARCHAR(128), timestamp TIMESTAMP NOT NULL)
[INFO ] 22:45:10.707 [Test worker] ChangeSet. - Table node_checkpoints created
[INFO ] 22:45:10.708 [Test worker] ChangeSet. - ChangeSet migration/node-services.changelog-init.xml::add_new_checkpoints_table::R3.Corda ran successfully in 10ms
[INFO ] 22:45:10.708 [Test worker] JdbcExecutor. - SELECT MAX(ORDEREXECUTED) FROM PUBLIC.DATABASECHANGELOG
[INFO ] 22:45:10.722 [Test worker] JdbcExecutor. - INSERT INTO PUBLIC.DATABASECHANGELOG (ID, AUTHOR, FILENAME, DATEEXECUTED, ORDEREXECUTED, MD5SUM, DESCRIPTION, COMMENTS, EXECTYPE, CONTEXTS, LABELS, LIQUIBASE, DEPLOYMENT_ID) VALUES ('add_new_checkpoints_table', 'R3.Corda', 'migration/node-services.changelog-init.xml', NOW(), 94, '8:cc00474f248a40e330cf0f42c5b7e1a6', 'dropTable tableName=node_checkpoints; createTable tableName=node_checkpoints', '', 'EXECUTED', NULL, NULL, '3.6.3', '5844710690')
[INFO ] 22:45:10.724 [Test worker] JdbcExecutor. - CREATE TABLE PUBLIC.node_checkpoint_blobs (flow_id NVARCHAR(64) NOT NULL, checkpoint_value BLOB NOT NULL, flow_state BLOB, timestamp TIMESTAMP NOT NULL, hmac VARBINARY(32) NOT NULL)
[INFO ] 22:45:10.725 [Test worker] ChangeSet. - Table node_checkpoint_blobs created
[INFO ] 22:45:10.725 [Test worker] ChangeSet. - ChangeSet migration/node-services.changelog-init.xml::add_new_checkpoint_blob_table::R3.Corda ran successfully in 1ms
[INFO ] 22:45:10.726 [Test worker] JdbcExecutor. - INSERT INTO PUBLIC.DATABASECHANGELOG (ID, AUTHOR, FILENAME, DATEEXECUTED, ORDEREXECUTED, MD5SUM, DESCRIPTION, COMMENTS, EXECTYPE, CONTEXTS, LABELS, LIQUIBASE, DEPLOYMENT_ID) VALUES ('add_new_checkpoint_blob_table', 'R3.Corda', 'migration/node-services.changelog-init.xml', NOW(), 95, '8:e973d6b794fe4753423964b13fe9fbe6', 'createTable tableName=node_checkpoint_blobs', '', 'EXECUTED', NULL, NULL, '3.6.3', '5844710690')
[INFO ] 22:45:10.728 [Test worker] JdbcExecutor. - CREATE TABLE PUBLIC.node_flow_results (flow_id NVARCHAR(64) NOT NULL, result_value BLOB, timestamp TIMESTAMP NOT NULL)
[INFO ] 22:45:10.729 [Test worker] ChangeSet. - Table node_flow_results created
[INFO ] 22:45:10.729 [Test worker] ChangeSet. - ChangeSet migration/node-services.changelog-init.xml::add_new_flow_result_table::R3.Corda ran successfully in 2ms
[INFO ] 22:45:10.730 [Test worker] JdbcExecutor. - INSERT INTO PUBLIC.DATABASECHANGELOG (ID, AUTHOR, FILENAME, DATEEXECUTED, ORDEREXECUTED, MD5SUM, DESCRIPTION, COMMENTS, EXECTYPE, CONTEXTS, LABELS, LIQUIBASE, DEPLOYMENT_ID) VALUES ('add_new_flow_result_table', 'R3.Corda', 'migration/node-services.changelog-init.xml', NOW(), 96, '8:79f1c80610f26db24d6ab757f57e68b7', 'createTable tableName=node_flow_results', '', 'EXECUTED', NULL, NULL, '3.6.3', '5844710690')
[INFO ] 22:45:10.732 [Test worker] JdbcExecutor. - CREATE TABLE PUBLIC.node_flow_exceptions (flow_id NVARCHAR(64) NOT NULL, type NVARCHAR(256) NOT NULL, exception_message NVARCHAR(2000), stack_trace NVARCHAR(2000) NOT NULL, exception_value BLOB, timestamp TIMESTAMP NOT NULL)
[INFO ] 22:45:10.733 [Test worker] ChangeSet. - Table node_flow_exceptions created
[INFO ] 22:45:10.733 [Test worker] ChangeSet. - ChangeSet migration/node-services.changelog-init.xml::add_new_flow_exceptions_table::R3.Corda ran successfully in 2ms
[INFO ] 22:45:10.734 [Test worker] JdbcExecutor. - INSERT INTO PUBLIC.DATABASECHANGELOG (ID, AUTHOR, FILENAME, DATEEXECUTED, ORDEREXECUTED, MD5SUM, DESCRIPTION, COMMENTS, EXECTYPE, CONTEXTS, LABELS, LIQUIBASE, DEPLOYMENT_ID) VALUES ('add_new_flow_exceptions_table', 'R3.Corda', 'migration/node-services.changelog-init.xml', NOW(), 97, '8:fb0d523c5cf42025c566f105731b34a2', 'createTable tableName=node_flow_exceptions', '', 'EXECUTED', NULL, NULL, '3.6.3', '5844710690')
[INFO ] 22:45:10.736 [Test worker] JdbcExecutor. - CREATE TABLE PUBLIC.node_flow_metadata (flow_id NVARCHAR(64) NOT NULL, invocation_id NVARCHAR(128) NOT NULL, flow_name NVARCHAR(128) NOT NULL, flow_identifier NVARCHAR(512), started_type INT NOT NULL, flow_parameters BLOB NOT NULL, cordapp_name NVARCHAR(128) NOT NULL, platform_version INT NOT NULL, started_by NVARCHAR(128) NOT NULL, invocation_time TIMESTAMP NOT NULL, start_time TIMESTAMP NOT NULL, finish_time TIMESTAMP)
[INFO ] 22:45:10.737 [Test worker] ChangeSet. - Table node_flow_metadata created
[INFO ] 22:45:10.737 [Test worker] ChangeSet. - ChangeSet migration/node-services.changelog-init.xml::add_new_flow_metadata_table::R3.Corda ran successfully in 2ms
[INFO ] 22:45:10.738 [Test worker] JdbcExecutor. - INSERT INTO PUBLIC.DATABASECHANGELOG (ID, AUTHOR, FILENAME, DATEEXECUTED, ORDEREXECUTED, MD5SUM, DESCRIPTION, COMMENTS, EXECTYPE, CONTEXTS, LABELS, LIQUIBASE, DEPLOYMENT_ID) VALUES ('add_new_flow_metadata_table', 'R3.Corda', 'migration/node-services.changelog-init.xml', NOW(), 98, '8:edede3ddf0425fb6d012735a7415013e', 'createTable tableName=node_flow_metadata', '', 'EXECUTED', NULL, NULL, '3.6.3', '5844710690')
[INFO ] 22:45:10.740 [Test worker] JdbcExecutor. - ALTER TABLE PUBLIC.node_checkpoints ADD CONSTRAINT node_checkpoints_pk PRIMARY KEY (flow_id)
[INFO ] 22:45:10.742 [Test worker] ChangeSet. - Primary key added to node_checkpoints (flow_id)
[INFO ] 22:45:10.742 [Test worker] ChangeSet. - ChangeSet migration/node-services.changelog-init.xml::add_new_checkpoint_schema_primary_keys-h2_postgres_oracle::R3.Corda ran successfully in 3ms
[INFO ] 22:45:10.743 [Test worker] JdbcExecutor. - INSERT INTO PUBLIC.DATABASECHANGELOG (ID, AUTHOR, FILENAME, DATEEXECUTED, ORDEREXECUTED, MD5SUM, DESCRIPTION, COMMENTS, EXECTYPE, CONTEXTS, LABELS, LIQUIBASE, DEPLOYMENT_ID) VALUES ('add_new_checkpoint_schema_primary_keys-h2_postgres_oracle', 'R3.Corda', 'migration/node-services.changelog-init.xml', NOW(), 99, '8:23141f3e3b5917c1cd0196f7b03b8f71', 'addPrimaryKey constraintName=node_checkpoints_pk, tableName=node_checkpoints', '', 'EXECUTED', NULL, NULL, '3.6.3', '5844710690')
[INFO ] 22:45:10.744 [Test worker] JdbcExecutor. - CREATE UNIQUE INDEX PUBLIC.node_checkpoint_blobs_idx ON PUBLIC.node_checkpoint_blobs(flow_id)
[INFO ] 22:45:10.745 [Test worker] ChangeSet. - Index node_checkpoint_blobs_idx created
[INFO ] 22:45:10.745 [Test worker] JdbcExecutor. - CREATE UNIQUE INDEX PUBLIC.node_flow_results_idx ON PUBLIC.node_flow_results(flow_id)
[INFO ] 22:45:10.746 [Test worker] ChangeSet. - Index node_flow_results_idx created
[INFO ] 22:45:10.746 [Test worker] JdbcExecutor. - CREATE UNIQUE INDEX PUBLIC.node_flow_exceptions_idx ON PUBLIC.node_flow_exceptions(flow_id)
[INFO ] 22:45:10.747 [Test worker] ChangeSet. - Index node_flow_exceptions_idx created
[INFO ] 22:45:10.747 [Test worker] JdbcExecutor. - CREATE UNIQUE INDEX PUBLIC.node_flow_metadata_idx ON PUBLIC.node_flow_metadata(flow_id)
[INFO ] 22:45:10.749 [Test worker] ChangeSet. - Index node_flow_metadata_idx created
[INFO ] 22:45:10.749 [Test worker] ChangeSet. - ChangeSet migration/node-services.changelog-init.xml::add_new_checkpoint_schema_indexes::R3.Corda ran successfully in 5ms
[INFO ] 22:45:10.750 [Test worker] JdbcExecutor. - INSERT INTO PUBLIC.DATABASECHANGELOG (ID, AUTHOR, FILENAME, DATEEXECUTED, ORDEREXECUTED, MD5SUM, DESCRIPTION, COMMENTS, EXECTYPE, CONTEXTS, LABELS, LIQUIBASE, DEPLOYMENT_ID) VALUES ('add_new_checkpoint_schema_indexes', 'R3.Corda', 'migration/node-services.changelog-init.xml', NOW(), 100, '8:56612ddd39f61523990e27c1b429f467', 'createIndex indexName=node_checkpoint_blobs_idx, tableName=node_checkpoint_blobs; createIndex indexName=node_flow_results_idx, tableName=node_flow_results; createIndex indexName=node_flow_exceptions_idx, tableName=node_flow_exceptions; createIndex...', '', 'EXECUTED', NULL, NULL, '3.6.3', '5844710690')
[INFO ] 22:45:10.752 [Test worker] JdbcExecutor. - CREATE TABLE PUBLIC.node_notary_committed_states (output_index INT NOT NULL, transaction_id NVARCHAR(64) NOT NULL, consuming_transaction_id NVARCHAR(64))
[INFO ] 22:45:10.753 [Test worker] ChangeSet. - Table node_notary_committed_states created
[INFO ] 22:45:10.753 [Test worker] ChangeSet. - ChangeSet migration/node-services.changelog-init.xml::1511451595465-16::R3.Corda ran successfully in 2ms
[INFO ] 22:45:10.754 [Test worker] JdbcExecutor. - INSERT INTO PUBLIC.DATABASECHANGELOG (ID, AUTHOR, FILENAME, DATEEXECUTED, ORDEREXECUTED, MD5SUM, DESCRIPTION, COMMENTS, EXECTYPE, CONTEXTS, LABELS, LIQUIBASE, DEPLOYMENT_ID) VALUES ('1511451595465-16', 'R3.Corda', 'migration/node-services.changelog-init.xml', NOW(), 101, '8:202eb6144ca2ddf982810c5b333117b8', 'createTable tableName=node_notary_committed_states', '', 'EXECUTED', NULL, NULL, '3.6.3', '5844710690')
[INFO ] 22:45:10.755 [Test worker] JdbcExecutor. - CREATE TABLE PUBLIC.node_notary_request_log (id INT NOT NULL, consuming_transaction_id NVARCHAR(64) NOT NULL, requesting_party_name NVARCHAR(255) NOT NULL, request_timestamp TIMESTAMP NOT NULL, request_signature BLOB NOT NULL)
[INFO ] 22:45:10.756 [Test worker] ChangeSet. - Table node_notary_request_log created
[INFO ] 22:45:10.756 [Test worker] ChangeSet. - ChangeSet migration/node-services.changelog-init.xml::1521131680317-17::R3.Corda ran successfully in 1ms
[INFO ] 22:45:10.757 [Test worker] JdbcExecutor. - INSERT INTO PUBLIC.DATABASECHANGELOG (ID, AUTHOR, FILENAME, DATEEXECUTED, ORDEREXECUTED, MD5SUM, DESCRIPTION, COMMENTS, EXECTYPE, CONTEXTS, LABELS, LIQUIBASE, DEPLOYMENT_ID) VALUES ('1521131680317-17', 'R3.Corda', 'migration/node-services.changelog-init.xml', NOW(), 102, '8:da67caf796d1a61c253ac38815a6fa6b', 'createTable tableName=node_notary_request_log', '', 'EXECUTED', NULL, NULL, '3.6.3', '5844710690')
[INFO ] 22:45:10.758 [Test worker] JdbcExecutor. - ALTER TABLE PUBLIC.node_notary_committed_states ADD CONSTRAINT node_notary_states_pkey PRIMARY KEY (output_index, transaction_id)
[INFO ] 22:45:10.760 [Test worker] ChangeSet. - Primary key added to node_notary_committed_states (output_index, transaction_id)
[INFO ] 22:45:10.760 [Test worker] ChangeSet. - ChangeSet migration/node-services.changelog-init.xml::1511451595465-41::R3.Corda ran successfully in 2ms
[INFO ] 22:45:10.761 [Test worker] JdbcExecutor. - INSERT INTO PUBLIC.DATABASECHANGELOG (ID, AUTHOR, FILENAME, DATEEXECUTED, ORDEREXECUTED, MD5SUM, DESCRIPTION, COMMENTS, EXECTYPE, CONTEXTS, LABELS, LIQUIBASE, DEPLOYMENT_ID) VALUES ('1511451595465-41', 'R3.Corda', 'migration/node-services.changelog-init.xml', NOW(), 103, '8:73a5b14473602a38c02858208ef2af9d', 'addPrimaryKey constraintName=node_notary_states_pkey, tableName=node_notary_committed_states', '', 'EXECUTED', NULL, NULL, '3.6.3', '5844710690')
[INFO ] 22:45:10.762 [Test worker] JdbcExecutor. - ALTER TABLE PUBLIC.node_notary_request_log ADD CONSTRAINT node_notary_request_log_pkey PRIMARY KEY (id)
[INFO ] 22:45:10.763 [Test worker] ChangeSet. - Primary key added to node_notary_request_log (id)
[INFO ] 22:45:10.763 [Test worker] ChangeSet. - ChangeSet migration/node-services.changelog-init.xml::1521131680317-48::R3.Corda ran successfully in 1ms
[INFO ] 22:45:10.765 [Test worker] JdbcExecutor. - INSERT INTO PUBLIC.DATABASECHANGELOG (ID, AUTHOR, FILENAME, DATEEXECUTED, ORDEREXECUTED, MD5SUM, DESCRIPTION, COMMENTS, EXECTYPE, CONTEXTS, LABELS, LIQUIBASE, DEPLOYMENT_ID) VALUES ('1521131680317-48', 'R3.Corda', 'migration/node-services.changelog-init.xml', NOW(), 104, '8:7b2392b8e69fe748f22e678d1e8b1d3e', 'addPrimaryKey constraintName=node_notary_request_log_pkey, tableName=node_notary_request_log', '', 'EXECUTED', NULL, NULL, '3.6.3', '5844710690')
[INFO ] 22:45:10.766 [Test worker] JdbcExecutor. - ALTER TABLE PUBLIC.node_notary_committed_states ALTER COLUMN consuming_transaction_id SET NOT NULL
[INFO ] 22:45:10.768 [Test worker] ChangeSet. - NOT NULL constraint has been added to node_notary_committed_states.consuming_transaction_id
[INFO ] 22:45:10.768 [Test worker] ChangeSet. - ChangeSet migration/node-services.changelog-init.xml::nullability::R3.Corda ran successfully in 2ms
[INFO ] 22:45:10.769 [Test worker] JdbcExecutor. - INSERT INTO PUBLIC.DATABASECHANGELOG (ID, AUTHOR, FILENAME, DATEEXECUTED, ORDEREXECUTED, MD5SUM, DESCRIPTION, COMMENTS, EXECTYPE, CONTEXTS, LABELS, LIQUIBASE, DEPLOYMENT_ID) VALUES ('nullability', 'R3.Corda', 'migration/node-services.changelog-init.xml', NOW(), 105, '8:3a26bc5f7d8e2feba54946ed0460d0a6', 'addNotNullConstraint columnName=consuming_transaction_id, tableName=node_notary_committed_states', '', 'EXECUTED', NULL, NULL, '3.6.3', '5844710690')
[INFO ] 22:45:10.781 [Test worker] ChangeSet. - Marking ChangeSet: migration/node-notary.changelog-v2.xml::rename-table-notary-commit-log::R3.Corda ran despite precondition failure due to onFail='MARK_RAN': 
          master.changelog.json : Table PUBLIC.node_notary_commit_log does not exist

[INFO ] 22:45:10.782 [Test worker] JdbcExecutor. - INSERT INTO PUBLIC.DATABASECHANGELOG (ID, AUTHOR, FILENAME, DATEEXECUTED, ORDEREXECUTED, MD5SUM, DESCRIPTION, COMMENTS, EXECTYPE, CONTEXTS, LABELS, LIQUIBASE, DEPLOYMENT_ID) VALUES ('rename-table-notary-commit-log', 'R3.Corda', 'migration/node-notary.changelog-v2.xml', NOW(), 106, '8:18c525e013adbd6f729983990933c4f4', 'renameTable newTableName=node_notary_committed_states, oldTableName=node_notary_commit_log', '', 'MARK_RAN', NULL, NULL, '3.6.3', '5844710690')
[INFO ] 22:45:10.785 [Test worker] ChangeSet. - Marking ChangeSet: migration/node-notary.changelog-v2.xml::create-notary-request-log-table::R3.Corda ran despite precondition failure due to onFail='MARK_RAN': 
          master.changelog.json : Not precondition failed

[INFO ] 22:45:10.787 [Test worker] JdbcExecutor. - INSERT INTO PUBLIC.DATABASECHANGELOG (ID, AUTHOR, FILENAME, DATEEXECUTED, ORDEREXECUTED, MD5SUM, DESCRIPTION, COMMENTS, EXECTYPE, CONTEXTS, LABELS, LIQUIBASE, DEPLOYMENT_ID) VALUES ('create-notary-request-log-table', 'R3.Corda', 'migration/node-notary.changelog-v2.xml', NOW(), 107, '8:d25c67b0275b7f205b89a85407bf51d0', 'createTable tableName=node_notary_request_log; addPrimaryKey constraintName=node_notary_request_log_pkey, tableName=node_notary_request_log', '', 'MARK_RAN', NULL, NULL, '3.6.3', '5844710690')
[INFO ] 22:45:10.789 [Test worker] JdbcExecutor. - INSERT INTO PUBLIC.DATABASECHANGELOG (ID, AUTHOR, FILENAME, DATEEXECUTED, ORDEREXECUTED, MD5SUM, DESCRIPTION, COMMENTS, EXECTYPE, CONTEXTS, LABELS, LIQUIBASE, DEPLOYMENT_ID) VALUES ('non-clustered_pk-notary_state', 'R3.Corda', 'migration/node-notary.changelog-pkey.xml', NOW(), 108, '8:5b30922594a05dde8768e8af608451f5', 'dropPrimaryKey constraintName=node_notary_states_pkey, tableName=node_notary_committed_states; addPrimaryKey constraintName=node_notary_states_pkey, tableName=node_notary_committed_states', '', 'MARK_RAN', NULL, NULL, '3.6.3', '5844710690')
[INFO ] 22:45:10.791 [Test worker] JdbcExecutor. - CREATE TABLE PUBLIC.node_notary_committed_txs (transaction_id NVARCHAR(64) NOT NULL)
[INFO ] 22:45:10.792 [Test worker] ChangeSet. - Table node_notary_committed_txs created
[INFO ] 22:45:10.793 [Test worker] JdbcExecutor. - ALTER TABLE PUBLIC.node_notary_committed_txs ADD CONSTRAINT node_notary_transactions_pkey PRIMARY KEY (transaction_id)
[INFO ] 22:45:10.794 [Test worker] ChangeSet. - Primary key added to node_notary_committed_txs (transaction_id)
[INFO ] 22:45:10.794 [Test worker] ChangeSet. - ChangeSet migration/node-notary.changelog-committed-transactions-table.xml::create-notary-committed-transactions-table::R3.Corda ran successfully in 3ms
[INFO ] 22:45:10.795 [Test worker] JdbcExecutor. - INSERT INTO PUBLIC.DATABASECHANGELOG (ID, AUTHOR, FILENAME, DATEEXECUTED, ORDEREXECUTED, MD5SUM, DESCRIPTION, COMMENTS, EXECTYPE, CONTEXTS, LABELS, LIQUIBASE, DEPLOYMENT_ID) VALUES ('create-notary-committed-transactions-table', 'R3.Corda', 'migration/node-notary.changelog-committed-transactions-table.xml', NOW(), 109, '8:ab59160cd3f0ceb591177364f90aa039', 'createTable tableName=node_notary_committed_txs; addPrimaryKey constraintName=node_notary_transactions_pkey, tableName=node_notary_committed_txs', '', 'EXECUTED', NULL, NULL, '3.6.3', '5844710690')
[INFO ] 22:45:10.796 [Test worker] ChangeSet. - Marking ChangeSet: migration/node-notary.changelog-v3.xml::notary-request-log-change-id-type-oracle::R3.Corda ran despite precondition failure due to onFail='MARK_RAN': 
          master.changelog.json : DBMS Precondition failed: expected oracle, got h2

[INFO ] 22:45:10.798 [Test worker] JdbcExecutor. - INSERT INTO PUBLIC.DATABASECHANGELOG (ID, AUTHOR, FILENAME, DATEEXECUTED, ORDEREXECUTED, MD5SUM, DESCRIPTION, COMMENTS, EXECTYPE, CONTEXTS, LABELS, LIQUIBASE, DEPLOYMENT_ID) VALUES ('notary-request-log-change-id-type-oracle', 'R3.Corda', 'migration/node-notary.changelog-v3.xml', NOW(), 110, '8:b69dc22ed24041b6f852d1c0393dd5db', 'addColumn tableName=node_notary_request_log; sql; dropPrimaryKey constraintName=node_notary_request_log_pkey, tableName=node_notary_request_log; dropColumn columnName=id, tableName=node_notary_request_log; renameColumn newColumnName=id, oldColumnN...', '', 'MARK_RAN', NULL, NULL, '3.6.3', '5844710690')
[INFO ] 22:45:10.800 [Test worker] JdbcExecutor. - ALTER TABLE PUBLIC.node_notary_request_log DROP PRIMARY KEY
[INFO ] 22:45:10.801 [Test worker] ChangeSet. - Primary key dropped from node_notary_request_log
[INFO ] 22:45:10.801 [Test worker] JdbcExecutor. - ALTER TABLE PUBLIC.node_notary_request_log ALTER COLUMN id NVARCHAR(76) NOT NULL
[INFO ] 22:45:10.805 [Test worker] ChangeSet. - node_notary_request_log.id datatype was changed to NVARCHAR(76) NOT NULL
[INFO ] 22:45:10.805 [Test worker] JdbcExecutor. - ALTER TABLE PUBLIC.node_notary_request_log ADD CONSTRAINT node_notary_request_log_pkey PRIMARY KEY (id)
[INFO ] 22:45:10.806 [Test worker] ChangeSet. - Primary key added to node_notary_request_log (id)
[INFO ] 22:45:10.806 [Test worker] ChangeSet. - ChangeSet migration/node-notary.changelog-v3.xml::notary-request-log-change-id-type-others::R3.Corda ran successfully in 7ms
[INFO ] 22:45:10.807 [Test worker] JdbcExecutor. - INSERT INTO PUBLIC.DATABASECHANGELOG (ID, AUTHOR, FILENAME, DATEEXECUTED, ORDEREXECUTED, MD5SUM, DESCRIPTION, COMMENTS, EXECTYPE, CONTEXTS, LABELS, LIQUIBASE, DEPLOYMENT_ID) VALUES ('notary-request-log-change-id-type-others', 'R3.Corda', 'migration/node-notary.changelog-v3.xml', NOW(), 111, '8:a753963cc30ce326678e51ae5fd7e529', 'dropPrimaryKey constraintName=node_notary_request_log_pkey, tableName=node_notary_request_log; modifyDataType columnName=id, tableName=node_notary_request_log; addPrimaryKey constraintName=node_notary_request_log_pkey, tableName=node_notary_reques...', '', 'EXECUTED', NULL, NULL, '3.6.3', '5844710690')
[INFO ] 22:45:10.809 [Test worker] JdbcExecutor. - ALTER TABLE PUBLIC.node_notary_request_log ADD worker_node_x500_name NVARCHAR(255)
[INFO ] 22:45:10.816 [Test worker] ChangeSet. - Columns worker_node_x500_name(NVARCHAR(255)) added to node_notary_request_log
[INFO ] 22:45:10.816 [Test worker] ChangeSet. - ChangeSet migration/node-notary.changelog-worker-logging.xml::worker-logging::R3.Corda ran successfully in 8ms
[INFO ] 22:45:10.817 [Test worker] JdbcExecutor. - INSERT INTO PUBLIC.DATABASECHANGELOG (ID, AUTHOR, FILENAME, DATEEXECUTED, ORDEREXECUTED, MD5SUM, DESCRIPTION, COMMENTS, EXECTYPE, CONTEXTS, LABELS, LIQUIBASE, DEPLOYMENT_ID) VALUES ('worker-logging', 'R3.Corda', 'migration/node-notary.changelog-worker-logging.xml', NOW(), 112, '8:2d4a2d176d83695cdbd3fad929c6c24b', 'addColumn tableName=node_notary_request_log', '', 'EXECUTED', NULL, NULL, '3.6.3', '5844710690')
[INFO ] 22:45:10.819 [Test worker] StandardLockService. - Successfully released change log lock
[INFO ] 22:45:10.835 [Test worker] JdbcExecutor. - SELECT MD5SUM FROM PUBLIC.DATABASECHANGELOG WHERE MD5SUM IS NOT NULL
[INFO ] 22:45:10.836 [Test worker] JdbcExecutor. - SELECT COUNT(*) FROM PUBLIC.DATABASECHANGELOG
[INFO ] 22:45:10.836 [Test worker] StandardChangeLogHistoryService. - Reading from PUBLIC.DATABASECHANGELOG
[INFO ] 22:45:10.836 [Test worker] JdbcExecutor. - SELECT * FROM PUBLIC.DATABASECHANGELOG ORDER BY DATEEXECUTED ASC, ORDEREXECUTED ASC
[INFO ] 22:45:10.840 [Test worker] JdbcExecutor. - SELECT COUNT(*) FROM PUBLIC.DATABASECHANGELOGLOCK
[INFO ] 22:45:10.840 [Test worker] JdbcExecutor. - SELECT COUNT(*) FROM PUBLIC.DATABASECHANGELOGLOCK
[INFO ] 22:45:10.841 [Test worker] JdbcExecutor. - SELECT LOCKED FROM PUBLIC.DATABASECHANGELOGLOCK WHERE ID=1
[INFO ] 22:45:10.843 [Test worker] StandardLockService. - Successfully acquired change log lock
[INFO ] 22:45:10.845 [Test worker] StandardLockService. - Successfully released change log lock
[INFO ] 22:45:10.872 [Test worker] InternalMockNetwork$MockNode. - Connected to H2 database.
[INFO ] 22:45:10.941 [Test worker] HibernateConfiguration. - Init HibernateConfiguration for schemas: [CommonSchemaV1(name=net.corda.core.schemas.CommonSchema, version=1), VaultSchemaV1(name=net.corda.node.services.vault.VaultSchema, version=1), NodeInfoSchemaV1(name=net.corda.node.internal.schemas.NodeInfoSchema, version=1), NodeCoreV1(name=net.corda.node.services.schema.NodeSchemaService$NodeCore, version=1), JPANotarySchemaV1(name=net.corda.notary.jpa.JPANotarySchema, version=1)]
[INFO ] 22:45:10.944 [Test worker] BaseSessionFactoryFactory. - Creating session factory for schemas: [CommonSchemaV1(name=net.corda.core.schemas.CommonSchema, version=1), VaultSchemaV1(name=net.corda.node.services.vault.VaultSchema, version=1), NodeInfoSchemaV1(name=net.corda.node.internal.schemas.NodeInfoSchema, version=1), NodeCoreV1(name=net.corda.node.services.schema.NodeSchemaService$NodeCore, version=1), JPANotarySchemaV1(name=net.corda.notary.jpa.JPANotarySchema, version=1)]
[INFO ] 22:45:11.142 [Test worker] Version. - HHH000412: Hibernate Core {5.4.3.Final}
[INFO ] 22:45:11.242 [Test worker] Version. - HCANN000001: Hibernate Commons Annotations {5.1.0.Final}
[INFO ] 22:45:11.393 [Test worker] ConnectionProviderInitiator. - HHH000130: Instantiating explicit connection provider: net.corda.nodeapi.internal.persistence.HibernateConfiguration$NodeDatabaseConnectionProvider
[INFO ] 22:45:11.425 [Test worker] Dialect. - HHH000400: Using dialect: org.hibernate.dialect.H2Dialect
[INFO ] 22:45:12.623 [Test worker] access. - HHH10001501: Connection obtained from JdbcConnectionAccess [org.hibernate.engine.jdbc.env.internal.JdbcEnvironmentInitiator$ConnectionProviderJdbcConnectionAccess@12683f4b] for (non-JTA) DDL execution was not in auto-commit mode; the Connection 'local transaction' will be committed and the Connection will be set into auto-commit mode.
[INFO ] 22:45:12.679 [Test worker] JtaPlatformInitiator. - HHH000490: Using JtaPlatform implementation: [org.hibernate.engine.transaction.jta.platform.internal.NoJtaPlatform]
[INFO ] 22:45:12.860 [Test worker] BaseSessionFactoryFactory. - Created session factory for schemas: [CommonSchemaV1(name=net.corda.core.schemas.CommonSchema, version=1), VaultSchemaV1(name=net.corda.node.services.vault.VaultSchema, version=1), NodeInfoSchemaV1(name=net.corda.node.internal.schemas.NodeInfoSchema, version=1), NodeCoreV1(name=net.corda.node.services.schema.NodeSchemaService$NodeCore, version=1), JPANotarySchemaV1(name=net.corda.notary.jpa.JPANotarySchema, version=1)]
[INFO ] 22:45:13.069 [Test worker] InternalMockNetwork$MockNode. - Node-info has changed so submitting update. Old node-info was null
[INFO ] 22:45:13.069 [Test worker] PersistentNetworkMapCache. - Adding node with info: NodeInfo(addresses=[mock.node:1000], legalIdentitiesAndCerts=[O=Notary Service, L=Zurich, C=CH], platformVersion=8, serial=1615844713069)
[INFO ] 22:45:13.073 [Test worker] PersistentNetworkMapCache. - No previous node found for O=Notary Service, L=Zurich, C=CH
[INFO ] 22:45:13.187 [Test worker] InternalMockNetwork$MockNode. - New node-info: NodeInfo(addresses=[mock.node:1000], legalIdentitiesAndCerts=[O=Notary Service, L=Zurich, C=CH], platformVersion=8, serial=1615844713069)
[INFO ] 22:45:13.226 [Test worker] NetworkMapUpdater. - Auto-accept enabled for network parameter changes which modify only: [epoch, modifiedTime, packageOwnership, whitelistedContractImplementations]
[INFO ] 22:45:13.237 [Test worker] MockNodeMessagingService. - Status change to true
[INFO ] 22:45:13.238 [Test worker] InternalMockNetwork$MockNode. - MessagingService active change to: true
[INFO ] 22:45:13.242 [MockNode-1-2] PersistentNetworkMapCache. - Adding node with info: NodeInfo(addresses=[mock.node:1000], legalIdentitiesAndCerts=[O=Notary Service, L=Zurich, C=CH], platformVersion=8, serial=1615844713069)
[INFO ] 22:45:13.262 [MockNode-1-2] PersistentNetworkMapCache. - Previous node was identical to incoming one - doing nothing
[INFO ] 22:45:13.325 [Test worker] ClassloaderUtils. - Contracts loading for 'C:\Users\Jonny\AppData\Local\Temp\attachment107700941632279171.jar' took 5 msec
[INFO ] 22:45:13.338 [Test worker] NodeAttachmentService. - Stored new attachment: id=0A89502481217851863D1A8DEDA12245F6AE0F484316901FA4A59602103E3596 uploader=app filename=Negotiation CorDapp
[INFO ] 22:45:13.345 [Test worker] NotaryLoader. - Starting notary service: class net.corda.notary.jpa.JPANotaryService
[INFO ] 22:45:13.735 [Test worker] SingleThreadedStateMachineManager. - Node ready, info: NodeInfo(addresses=[mock.node:1000], legalIdentitiesAndCerts=[O=Notary Service, L=Zurich, C=CH], platformVersion=8, serial=1615844713069)
[INFO ] 22:45:13.741 [Test worker] PersistentNetworkMapCache. - Adding node with info: NodeInfo(addresses=[mock.node:1000], legalIdentitiesAndCerts=[O=Notary Service, L=Zurich, C=CH], platformVersion=8, serial=1615844713069)
[INFO ] 22:45:13.743 [Test worker] PersistentNetworkMapCache. - Previous node was identical to incoming one - doing nothing
[INFO ] 22:45:13.743 [Test worker] PersistentNetworkMapCache. - Adding node with info: NodeInfo(addresses=[mock.node:1000], legalIdentitiesAndCerts=[O=Notary Service, L=Zurich, C=CH], platformVersion=8, serial=1615844713069)
[INFO ] 22:45:13.744 [Test worker] PersistentNetworkMapCache. - Previous node was identical to incoming one - doing nothing
[INFO ] 22:45:13.753 [Test worker] JarScanningCordappLoader. - Looking for CorDapps in [build\mock-network\20210315-214455.174-489E42A2EAEC62B9\nodes\1\cordapps]
[INFO ] 22:45:13.758 [Test worker] JarScanningCordappLoader. - Loading CorDapps from RestrictedURL(url=file:/C:/Users/Jonny/Desktop/corda/samples-kotlin/Advanced/negotiation-cordapp/workflows/build/mock-network/20210315-214455.174-489E42A2EAEC62B9/nodes/1/cordapps/contracts-0.2.jar, rootPackageName=null), RestrictedURL(url=file:/C:/Users/Jonny/Desktop/corda/samples-kotlin/Advanced/negotiation-cordapp/workflows/build/mock-network/20210315-214455.174-489E42A2EAEC62B9/nodes/1/cordapps/workflows-0.2.jar, rootPackageName=null)
[INFO ] 22:45:13.759 [Test worker] JarScanningCordappLoader. - Scanning CorDapp in file:/C:/Users/Jonny/Desktop/corda/samples-kotlin/Advanced/negotiation-cordapp/workflows/build/mock-network/20210315-214455.174-489E42A2EAEC62B9/nodes/1/cordapps/contracts-0.2.jar
[INFO ] 22:45:13.768 [Test worker] JarScanningCordappLoader. - Scanning CorDapp in file:/C:/Users/Jonny/Desktop/corda/samples-kotlin/Advanced/negotiation-cordapp/workflows/build/mock-network/20210315-214455.174-489E42A2EAEC62B9/nodes/1/cordapps/workflows-0.2.jar
[INFO ] 22:45:13.789 [Test worker] InternalMockNetwork$MockNode. - MessagingService active change to: false
[INFO ] 22:45:13.790 [Test worker] InternalMockNetwork$MockNode. - Flow external operation executor has a max of 2 threads
[INFO ] 22:45:13.792 [Test worker] InternalMockNetwork$MockNode. - Node starting up ...
[INFO ] 22:45:13.814 [Test worker] NodeFlowManager. - Registered net.corda.samples.negotiation.flows.AddItineraryFlow$Initiator to initiate net.corda.samples.negotiation.flows.AddItineraryFlow$Responder (version 1)
[INFO ] 22:45:13.814 [Test worker] NodeFlowManager. - Registered net.corda.samples.negotiation.flows.ArrivalFlow$Initiator to initiate net.corda.samples.negotiation.flows.ArrivalFlow$Responder (version 1)
[INFO ] 22:45:13.814 [Test worker] NodeFlowManager. - Registered net.corda.samples.negotiation.flows.CompleteFlow$Initiator to initiate net.corda.samples.negotiation.flows.CompleteFlow$Responder (version 1)
[INFO ] 22:45:13.814 [Test worker] NodeFlowManager. - Registered net.corda.samples.negotiation.flows.NoticeFlow$Initiator to initiate net.corda.samples.negotiation.flows.NoticeFlow$Responder (version 1)
[INFO ] 22:45:13.814 [Test worker] NodeFlowManager. - Registered net.corda.samples.negotiation.flows.OrderFlow$Initiator to initiate net.corda.samples.negotiation.flows.OrderFlow$Responder (version 1)
[INFO ] 22:45:13.814 [Test worker] NodeFlowManager. - Registered net.corda.samples.negotiation.flows.UpdateFlow$Initiator to initiate net.corda.samples.negotiation.flows.UpdateFlow$Responder (version 1)
[INFO ] 22:45:13.817 [Test worker] InternalMockNetwork$MockNode. - Loaded network parameters: NetworkParameters {
      minimumPlatformVersion=1
      notaries=[NotaryInfo(identity=O=Notary Service, L=Zurich, C=CH, validating=true)]
      maxMessageSize=10485760
      maxTransactionSize=524288000
      whitelistedContractImplementations {
        
      }
      eventHorizon=PT720H
      packageOwnership {
        
      }
      modifiedTime=2021-03-15T21:44:55.116Z
      epoch=1
  }
[INFO ] 22:45:13.817 [Test worker] HikariDataSource. - HikariPool-2 - Starting...
[INFO ] 22:45:13.827 [Test worker] HikariDataSource. - HikariPool-2 - Start completed.
[INFO ] 22:45:14.014 [Test worker] JdbcExecutor. - SELECT MD5SUM FROM PUBLIC.DATABASECHANGELOG WHERE MD5SUM IS NOT NULL
[INFO ] 22:45:14.015 [Test worker] JdbcExecutor. - SELECT COUNT(*) FROM PUBLIC.DATABASECHANGELOG
[INFO ] 22:45:14.015 [Test worker] StandardChangeLogHistoryService. - Reading from PUBLIC.DATABASECHANGELOG
[INFO ] 22:45:14.015 [Test worker] JdbcExecutor. - SELECT * FROM PUBLIC.DATABASECHANGELOG ORDER BY DATEEXECUTED ASC, ORDEREXECUTED ASC
[INFO ] 22:45:14.018 [Test worker] JdbcExecutor. - SELECT COUNT(*) FROM PUBLIC.DATABASECHANGELOGLOCK
[INFO ] 22:45:14.018 [Test worker] JdbcExecutor. - SELECT COUNT(*) FROM PUBLIC.DATABASECHANGELOGLOCK
[INFO ] 22:45:14.051 [Test worker] JdbcExecutor. - SELECT LOCKED FROM PUBLIC.DATABASECHANGELOGLOCK WHERE ID=1
[INFO ] 22:45:14.052 [Test worker] StandardLockService. - Successfully acquired change log lock
[INFO ] 22:45:14.056 [Test worker] JdbcExecutor. - DROP TABLE PUBLIC.node_checkpoints
[INFO ] 22:45:14.056 [Test worker] ChangeSet. - Table node_checkpoints dropped
[INFO ] 22:45:14.057 [Test worker] JdbcExecutor. - CREATE TABLE PUBLIC.node_checkpoints (flow_id NVARCHAR(64) NOT NULL, status INT NOT NULL, compatible BOOLEAN NOT NULL, progress_step NVARCHAR(256), flow_io_request NVARCHAR(128), timestamp TIMESTAMP NOT NULL)
[INFO ] 22:45:14.057 [Test worker] ChangeSet. - Table node_checkpoints created
[INFO ] 22:45:14.058 [Test worker] ChangeSet. - ChangeSet migration/node-services.changelog-init.xml::add_new_checkpoints_table::R3.Corda ran successfully in 2ms
[INFO ] 22:45:14.058 [Test worker] JdbcExecutor. - SELECT MAX(ORDEREXECUTED) FROM PUBLIC.DATABASECHANGELOG
[INFO ] 22:45:14.059 [Test worker] JdbcExecutor. - INSERT INTO PUBLIC.DATABASECHANGELOG (ID, AUTHOR, FILENAME, DATEEXECUTED, ORDEREXECUTED, MD5SUM, DESCRIPTION, COMMENTS, EXECTYPE, CONTEXTS, LABELS, LIQUIBASE, DEPLOYMENT_ID) VALUES ('add_new_checkpoints_table', 'R3.Corda', 'migration/node-services.changelog-init.xml', NOW(), 94, '8:cc00474f248a40e330cf0f42c5b7e1a6', 'dropTable tableName=node_checkpoints; createTable tableName=node_checkpoints', '', 'EXECUTED', NULL, NULL, '3.6.3', '5844714052')
[INFO ] 22:45:14.060 [Test worker] JdbcExecutor. - CREATE TABLE PUBLIC.node_checkpoint_blobs (flow_id NVARCHAR(64) NOT NULL, checkpoint_value BLOB NOT NULL, flow_state BLOB, timestamp TIMESTAMP NOT NULL, hmac VARBINARY(32) NOT NULL)
[INFO ] 22:45:14.060 [Test worker] ChangeSet. - Table node_checkpoint_blobs created
[INFO ] 22:45:14.060 [Test worker] ChangeSet. - ChangeSet migration/node-services.changelog-init.xml::add_new_checkpoint_blob_table::R3.Corda ran successfully in 0ms
[INFO ] 22:45:14.061 [Test worker] JdbcExecutor. - INSERT INTO PUBLIC.DATABASECHANGELOG (ID, AUTHOR, FILENAME, DATEEXECUTED, ORDEREXECUTED, MD5SUM, DESCRIPTION, COMMENTS, EXECTYPE, CONTEXTS, LABELS, LIQUIBASE, DEPLOYMENT_ID) VALUES ('add_new_checkpoint_blob_table', 'R3.Corda', 'migration/node-services.changelog-init.xml', NOW(), 95, '8:e973d6b794fe4753423964b13fe9fbe6', 'createTable tableName=node_checkpoint_blobs', '', 'EXECUTED', NULL, NULL, '3.6.3', '5844714052')
[INFO ] 22:45:14.062 [Test worker] JdbcExecutor. - CREATE TABLE PUBLIC.node_flow_results (flow_id NVARCHAR(64) NOT NULL, result_value BLOB, timestamp TIMESTAMP NOT NULL)
[INFO ] 22:45:14.062 [Test worker] ChangeSet. - Table node_flow_results created
[INFO ] 22:45:14.062 [Test worker] ChangeSet. - ChangeSet migration/node-services.changelog-init.xml::add_new_flow_result_table::R3.Corda ran successfully in 0ms
[INFO ] 22:45:14.063 [Test worker] JdbcExecutor. - INSERT INTO PUBLIC.DATABASECHANGELOG (ID, AUTHOR, FILENAME, DATEEXECUTED, ORDEREXECUTED, MD5SUM, DESCRIPTION, COMMENTS, EXECTYPE, CONTEXTS, LABELS, LIQUIBASE, DEPLOYMENT_ID) VALUES ('add_new_flow_result_table', 'R3.Corda', 'migration/node-services.changelog-init.xml', NOW(), 96, '8:79f1c80610f26db24d6ab757f57e68b7', 'createTable tableName=node_flow_results', '', 'EXECUTED', NULL, NULL, '3.6.3', '5844714052')
[INFO ] 22:45:14.064 [Test worker] JdbcExecutor. - CREATE TABLE PUBLIC.node_flow_exceptions (flow_id NVARCHAR(64) NOT NULL, type NVARCHAR(256) NOT NULL, exception_message NVARCHAR(2000), stack_trace NVARCHAR(2000) NOT NULL, exception_value BLOB, timestamp TIMESTAMP NOT NULL)
[INFO ] 22:45:14.065 [Test worker] ChangeSet. - Table node_flow_exceptions created
[INFO ] 22:45:14.065 [Test worker] ChangeSet. - ChangeSet migration/node-services.changelog-init.xml::add_new_flow_exceptions_table::R3.Corda ran successfully in 1ms
[INFO ] 22:45:14.066 [Test worker] JdbcExecutor. - INSERT INTO PUBLIC.DATABASECHANGELOG (ID, AUTHOR, FILENAME, DATEEXECUTED, ORDEREXECUTED, MD5SUM, DESCRIPTION, COMMENTS, EXECTYPE, CONTEXTS, LABELS, LIQUIBASE, DEPLOYMENT_ID) VALUES ('add_new_flow_exceptions_table', 'R3.Corda', 'migration/node-services.changelog-init.xml', NOW(), 97, '8:fb0d523c5cf42025c566f105731b34a2', 'createTable tableName=node_flow_exceptions', '', 'EXECUTED', NULL, NULL, '3.6.3', '5844714052')
[INFO ] 22:45:14.067 [Test worker] JdbcExecutor. - CREATE TABLE PUBLIC.node_flow_metadata (flow_id NVARCHAR(64) NOT NULL, invocation_id NVARCHAR(128) NOT NULL, flow_name NVARCHAR(128) NOT NULL, flow_identifier NVARCHAR(512), started_type INT NOT NULL, flow_parameters BLOB NOT NULL, cordapp_name NVARCHAR(128) NOT NULL, platform_version INT NOT NULL, started_by NVARCHAR(128) NOT NULL, invocation_time TIMESTAMP NOT NULL, start_time TIMESTAMP NOT NULL, finish_time TIMESTAMP)
[INFO ] 22:45:14.068 [Test worker] ChangeSet. - Table node_flow_metadata created
[INFO ] 22:45:14.068 [Test worker] ChangeSet. - ChangeSet migration/node-services.changelog-init.xml::add_new_flow_metadata_table::R3.Corda ran successfully in 2ms
[INFO ] 22:45:14.068 [Test worker] JdbcExecutor. - INSERT INTO PUBLIC.DATABASECHANGELOG (ID, AUTHOR, FILENAME, DATEEXECUTED, ORDEREXECUTED, MD5SUM, DESCRIPTION, COMMENTS, EXECTYPE, CONTEXTS, LABELS, LIQUIBASE, DEPLOYMENT_ID) VALUES ('add_new_flow_metadata_table', 'R3.Corda', 'migration/node-services.changelog-init.xml', NOW(), 98, '8:edede3ddf0425fb6d012735a7415013e', 'createTable tableName=node_flow_metadata', '', 'EXECUTED', NULL, NULL, '3.6.3', '5844714052')
[INFO ] 22:45:14.070 [Test worker] JdbcExecutor. - ALTER TABLE PUBLIC.node_checkpoints ADD CONSTRAINT node_checkpoints_pk PRIMARY KEY (flow_id)
[INFO ] 22:45:14.071 [Test worker] ChangeSet. - Primary key added to node_checkpoints (flow_id)
[INFO ] 22:45:14.071 [Test worker] ChangeSet. - ChangeSet migration/node-services.changelog-init.xml::add_new_checkpoint_schema_primary_keys-h2_postgres_oracle::R3.Corda ran successfully in 1ms
[INFO ] 22:45:14.072 [Test worker] JdbcExecutor. - INSERT INTO PUBLIC.DATABASECHANGELOG (ID, AUTHOR, FILENAME, DATEEXECUTED, ORDEREXECUTED, MD5SUM, DESCRIPTION, COMMENTS, EXECTYPE, CONTEXTS, LABELS, LIQUIBASE, DEPLOYMENT_ID) VALUES ('add_new_checkpoint_schema_primary_keys-h2_postgres_oracle', 'R3.Corda', 'migration/node-services.changelog-init.xml', NOW(), 99, '8:23141f3e3b5917c1cd0196f7b03b8f71', 'addPrimaryKey constraintName=node_checkpoints_pk, tableName=node_checkpoints', '', 'EXECUTED', NULL, NULL, '3.6.3', '5844714052')
[INFO ] 22:45:14.073 [Test worker] JdbcExecutor. - CREATE UNIQUE INDEX PUBLIC.node_checkpoint_blobs_idx ON PUBLIC.node_checkpoint_blobs(flow_id)
[INFO ] 22:45:14.074 [Test worker] ChangeSet. - Index node_checkpoint_blobs_idx created
[INFO ] 22:45:14.074 [Test worker] JdbcExecutor. - CREATE UNIQUE INDEX PUBLIC.node_flow_results_idx ON PUBLIC.node_flow_results(flow_id)
[INFO ] 22:45:14.074 [Test worker] ChangeSet. - Index node_flow_results_idx created
[INFO ] 22:45:14.074 [Test worker] JdbcExecutor. - CREATE UNIQUE INDEX PUBLIC.node_flow_exceptions_idx ON PUBLIC.node_flow_exceptions(flow_id)
[INFO ] 22:45:14.075 [Test worker] ChangeSet. - Index node_flow_exceptions_idx created
[INFO ] 22:45:14.075 [Test worker] JdbcExecutor. - CREATE UNIQUE INDEX PUBLIC.node_flow_metadata_idx ON PUBLIC.node_flow_metadata(flow_id)
[INFO ] 22:45:14.075 [Test worker] ChangeSet. - Index node_flow_metadata_idx created
[INFO ] 22:45:14.076 [Test worker] ChangeSet. - ChangeSet migration/node-services.changelog-init.xml::add_new_checkpoint_schema_indexes::R3.Corda ran successfully in 3ms
[INFO ] 22:45:14.076 [Test worker] JdbcExecutor. - INSERT INTO PUBLIC.DATABASECHANGELOG (ID, AUTHOR, FILENAME, DATEEXECUTED, ORDEREXECUTED, MD5SUM, DESCRIPTION, COMMENTS, EXECTYPE, CONTEXTS, LABELS, LIQUIBASE, DEPLOYMENT_ID) VALUES ('add_new_checkpoint_schema_indexes', 'R3.Corda', 'migration/node-services.changelog-init.xml', NOW(), 100, '8:56612ddd39f61523990e27c1b429f467', 'createIndex indexName=node_checkpoint_blobs_idx, tableName=node_checkpoint_blobs; createIndex indexName=node_flow_results_idx, tableName=node_flow_results; createIndex indexName=node_flow_exceptions_idx, tableName=node_flow_exceptions; createIndex...', '', 'EXECUTED', NULL, NULL, '3.6.3', '5844714052')
[INFO ] 22:45:14.078 [Test worker] StandardLockService. - Successfully released change log lock
[INFO ] 22:45:14.086 [Test worker] JdbcExecutor. - SELECT MD5SUM FROM PUBLIC.DATABASECHANGELOG WHERE MD5SUM IS NOT NULL
[INFO ] 22:45:14.086 [Test worker] JdbcExecutor. - SELECT COUNT(*) FROM PUBLIC.DATABASECHANGELOG
[INFO ] 22:45:14.086 [Test worker] StandardChangeLogHistoryService. - Reading from PUBLIC.DATABASECHANGELOG
[INFO ] 22:45:14.086 [Test worker] JdbcExecutor. - SELECT * FROM PUBLIC.DATABASECHANGELOG ORDER BY DATEEXECUTED ASC, ORDEREXECUTED ASC
[INFO ] 22:45:14.088 [Test worker] JdbcExecutor. - SELECT COUNT(*) FROM PUBLIC.DATABASECHANGELOGLOCK
[INFO ] 22:45:14.088 [Test worker] JdbcExecutor. - SELECT COUNT(*) FROM PUBLIC.DATABASECHANGELOGLOCK
[INFO ] 22:45:14.089 [Test worker] JdbcExecutor. - SELECT LOCKED FROM PUBLIC.DATABASECHANGELOGLOCK WHERE ID=1
[INFO ] 22:45:14.090 [Test worker] StandardLockService. - Successfully acquired change log lock
[INFO ] 22:45:14.091 [Test worker] StandardLockService. - Successfully released change log lock
[INFO ] 22:45:14.091 [Test worker] InternalMockNetwork$MockNode. - Connected to H2 database.
[INFO ] 22:45:14.094 [Test worker] HibernateConfiguration. - Init HibernateConfiguration for schemas: [CommonSchemaV1(name=net.corda.core.schemas.CommonSchema, version=1), VaultSchemaV1(name=net.corda.node.services.vault.VaultSchema, version=1), NodeInfoSchemaV1(name=net.corda.node.internal.schemas.NodeInfoSchema, version=1), NodeCoreV1(name=net.corda.node.services.schema.NodeSchemaService$NodeCore, version=1)]
[INFO ] 22:45:14.094 [Test worker] BaseSessionFactoryFactory. - Creating session factory for schemas: [CommonSchemaV1(name=net.corda.core.schemas.CommonSchema, version=1), VaultSchemaV1(name=net.corda.node.services.vault.VaultSchema, version=1), NodeInfoSchemaV1(name=net.corda.node.internal.schemas.NodeInfoSchema, version=1), NodeCoreV1(name=net.corda.node.services.schema.NodeSchemaService$NodeCore, version=1)]
[INFO ] 22:45:14.099 [Test worker] ConnectionProviderInitiator. - HHH000130: Instantiating explicit connection provider: net.corda.nodeapi.internal.persistence.HibernateConfiguration$NodeDatabaseConnectionProvider
[INFO ] 22:45:14.099 [Test worker] Dialect. - HHH000400: Using dialect: org.hibernate.dialect.H2Dialect
[INFO ] 22:45:14.171 [Test worker] access. - HHH10001501: Connection obtained from JdbcConnectionAccess [org.hibernate.engine.jdbc.env.internal.JdbcEnvironmentInitiator$ConnectionProviderJdbcConnectionAccess@56e51811] for (non-JTA) DDL execution was not in auto-commit mode; the Connection 'local transaction' will be committed and the Connection will be set into auto-commit mode.
[INFO ] 22:45:14.203 [Test worker] JtaPlatformInitiator. - HHH000490: Using JtaPlatform implementation: [org.hibernate.engine.transaction.jta.platform.internal.NoJtaPlatform]
[INFO ] 22:45:14.203 [Test worker] BaseSessionFactoryFactory. - Created session factory for schemas: [CommonSchemaV1(name=net.corda.core.schemas.CommonSchema, version=1), VaultSchemaV1(name=net.corda.node.services.vault.VaultSchema, version=1), NodeInfoSchemaV1(name=net.corda.node.internal.schemas.NodeInfoSchema, version=1), NodeCoreV1(name=net.corda.node.services.schema.NodeSchemaService$NodeCore, version=1)]
[INFO ] 22:45:14.205 [Test worker] InternalMockNetwork$MockNode. - identity-private-key not found in key store, generating fresh key!
[INFO ] 22:45:14.224 [Test worker] InternalMockNetwork$MockNode. - Node-info has changed so submitting update. Old node-info was null
[INFO ] 22:45:14.224 [Test worker] PersistentNetworkMapCache. - Adding node with info: NodeInfo(addresses=[mock.node:1000], legalIdentitiesAndCerts=[O=Mock Company 1, L=London, C=GB], platformVersion=8, serial=1615844714224)
[INFO ] 22:45:14.226 [Test worker] PersistentNetworkMapCache. - No previous node found for O=Mock Company 1, L=London, C=GB
[INFO ] 22:45:14.233 [Test worker] InternalMockNetwork$MockNode. - New node-info: NodeInfo(addresses=[mock.node:1000], legalIdentitiesAndCerts=[O=Mock Company 1, L=London, C=GB], platformVersion=8, serial=1615844714224)
[INFO ] 22:45:14.239 [Test worker] NetworkMapUpdater. - Auto-accept enabled for network parameter changes which modify only: [epoch, modifiedTime, packageOwnership, whitelistedContractImplementations]
[INFO ] 22:45:14.239 [Test worker] MockNodeMessagingService. - Status change to true
[INFO ] 22:45:14.239 [Test worker] InternalMockNetwork$MockNode. - MessagingService active change to: true
[INFO ] 22:45:14.243 [MockNode-2-2] PersistentNetworkMapCache. - Adding node with info: NodeInfo(addresses=[mock.node:1000], legalIdentitiesAndCerts=[O=Mock Company 1, L=London, C=GB], platformVersion=8, serial=1615844714224)
[INFO ] 22:45:14.247 [MockNode-2-2] PersistentNetworkMapCache. - Previous node was identical to incoming one - doing nothing
[INFO ] 22:45:14.263 [Test worker] ClassloaderUtils. - Contracts loading for 'C:\Users\Jonny\AppData\Local\Temp\attachment3913859154787682158.jar' took 3 msec
[INFO ] 22:45:14.271 [Test worker] NodeAttachmentService. - Stored new attachment: id=0A89502481217851863D1A8DEDA12245F6AE0F484316901FA4A59602103E3596 uploader=app filename=Negotiation CorDapp
[INFO ] 22:45:14.290 [Test worker] SingleThreadedStateMachineManager. - Node ready, info: NodeInfo(addresses=[mock.node:1000], legalIdentitiesAndCerts=[O=Mock Company 1, L=London, C=GB], platformVersion=8, serial=1615844714224)
[INFO ] 22:45:14.290 [Test worker] PersistentNetworkMapCache. - Adding node with info: NodeInfo(addresses=[mock.node:1000], legalIdentitiesAndCerts=[O=Notary Service, L=Zurich, C=CH], platformVersion=8, serial=1615844713069)
[INFO ] 22:45:14.291 [Test worker] PersistentNetworkMapCache. - No previous node found for O=Notary Service, L=Zurich, C=CH
[INFO ] 22:45:14.299 [Test worker] PersistentNetworkMapCache. - Adding node with info: NodeInfo(addresses=[mock.node:1000], legalIdentitiesAndCerts=[O=Mock Company 1, L=London, C=GB], platformVersion=8, serial=1615844714224)
[INFO ] 22:45:14.301 [Test worker] PersistentNetworkMapCache. - No previous node found for O=Mock Company 1, L=London, C=GB
[INFO ] 22:45:14.308 [Test worker] PersistentNetworkMapCache. - Adding node with info: NodeInfo(addresses=[mock.node:1000], legalIdentitiesAndCerts=[O=Mock Company 1, L=London, C=GB], platformVersion=8, serial=1615844714224)
[INFO ] 22:45:14.308 [Test worker] PersistentNetworkMapCache. - Previous node was identical to incoming one - doing nothing
[INFO ] 22:45:14.308 [Test worker] PersistentNetworkMapCache. - Adding node with info: NodeInfo(addresses=[mock.node:1000], legalIdentitiesAndCerts=[O=Mock Company 1, L=London, C=GB], platformVersion=8, serial=1615844714224)
[INFO ] 22:45:14.308 [Test worker] PersistentNetworkMapCache. - Previous node was identical to incoming one - doing nothing
[INFO ] 22:45:14.314 [Test worker] JarScanningCordappLoader. - Looking for CorDapps in [build\mock-network\20210315-214455.174-489E42A2EAEC62B9\nodes\2\cordapps]
[INFO ] 22:45:14.315 [Test worker] JarScanningCordappLoader. - Loading CorDapps from RestrictedURL(url=file:/C:/Users/Jonny/Desktop/corda/samples-kotlin/Advanced/negotiation-cordapp/workflows/build/mock-network/20210315-214455.174-489E42A2EAEC62B9/nodes/2/cordapps/contracts-0.2.jar, rootPackageName=null), RestrictedURL(url=file:/C:/Users/Jonny/Desktop/corda/samples-kotlin/Advanced/negotiation-cordapp/workflows/build/mock-network/20210315-214455.174-489E42A2EAEC62B9/nodes/2/cordapps/workflows-0.2.jar, rootPackageName=null)
[INFO ] 22:45:14.315 [Test worker] JarScanningCordappLoader. - Scanning CorDapp in file:/C:/Users/Jonny/Desktop/corda/samples-kotlin/Advanced/negotiation-cordapp/workflows/build/mock-network/20210315-214455.174-489E42A2EAEC62B9/nodes/2/cordapps/contracts-0.2.jar
[INFO ] 22:45:14.324 [Test worker] JarScanningCordappLoader. - Scanning CorDapp in file:/C:/Users/Jonny/Desktop/corda/samples-kotlin/Advanced/negotiation-cordapp/workflows/build/mock-network/20210315-214455.174-489E42A2EAEC62B9/nodes/2/cordapps/workflows-0.2.jar
[INFO ] 22:45:14.345 [Test worker] InternalMockNetwork$MockNode. - MessagingService active change to: false
[INFO ] 22:45:14.345 [Test worker] InternalMockNetwork$MockNode. - Flow external operation executor has a max of 2 threads
[INFO ] 22:45:14.346 [Test worker] InternalMockNetwork$MockNode. - Node starting up ...
[INFO ] 22:45:14.369 [Test worker] NodeFlowManager. - Registered net.corda.samples.negotiation.flows.AddItineraryFlow$Initiator to initiate net.corda.samples.negotiation.flows.AddItineraryFlow$Responder (version 1)
[INFO ] 22:45:14.369 [Test worker] NodeFlowManager. - Registered net.corda.samples.negotiation.flows.ArrivalFlow$Initiator to initiate net.corda.samples.negotiation.flows.ArrivalFlow$Responder (version 1)
[INFO ] 22:45:14.374 [Test worker] NodeFlowManager. - Registered net.corda.samples.negotiation.flows.CompleteFlow$Initiator to initiate net.corda.samples.negotiation.flows.CompleteFlow$Responder (version 1)
[INFO ] 22:45:14.375 [Test worker] NodeFlowManager. - Registered net.corda.samples.negotiation.flows.NoticeFlow$Initiator to initiate net.corda.samples.negotiation.flows.NoticeFlow$Responder (version 1)
[INFO ] 22:45:14.375 [Test worker] NodeFlowManager. - Registered net.corda.samples.negotiation.flows.OrderFlow$Initiator to initiate net.corda.samples.negotiation.flows.OrderFlow$Responder (version 1)
[INFO ] 22:45:14.375 [Test worker] NodeFlowManager. - Registered net.corda.samples.negotiation.flows.UpdateFlow$Initiator to initiate net.corda.samples.negotiation.flows.UpdateFlow$Responder (version 1)
[INFO ] 22:45:14.377 [Test worker] InternalMockNetwork$MockNode. - Loaded network parameters: NetworkParameters {
      minimumPlatformVersion=1
      notaries=[NotaryInfo(identity=O=Notary Service, L=Zurich, C=CH, validating=true)]
      maxMessageSize=10485760
      maxTransactionSize=524288000
      whitelistedContractImplementations {
        
      }
      eventHorizon=PT720H
      packageOwnership {
        
      }
      modifiedTime=2021-03-15T21:44:55.116Z
      epoch=1
  }
[INFO ] 22:45:14.377 [Test worker] HikariDataSource. - HikariPool-3 - Starting...
[INFO ] 22:45:14.388 [Test worker] HikariDataSource. - HikariPool-3 - Start completed.
[INFO ] 22:45:14.527 [Test worker] JdbcExecutor. - SELECT MD5SUM FROM PUBLIC.DATABASECHANGELOG WHERE MD5SUM IS NOT NULL
[INFO ] 22:45:14.528 [Test worker] JdbcExecutor. - SELECT COUNT(*) FROM PUBLIC.DATABASECHANGELOG
[INFO ] 22:45:14.528 [Test worker] StandardChangeLogHistoryService. - Reading from PUBLIC.DATABASECHANGELOG
[INFO ] 22:45:14.528 [Test worker] JdbcExecutor. - SELECT * FROM PUBLIC.DATABASECHANGELOG ORDER BY DATEEXECUTED ASC, ORDEREXECUTED ASC
[INFO ] 22:45:14.529 [Test worker] JdbcExecutor. - SELECT COUNT(*) FROM PUBLIC.DATABASECHANGELOGLOCK
[INFO ] 22:45:14.529 [Test worker] JdbcExecutor. - SELECT COUNT(*) FROM PUBLIC.DATABASECHANGELOGLOCK
[INFO ] 22:45:14.552 [Test worker] JdbcExecutor. - SELECT LOCKED FROM PUBLIC.DATABASECHANGELOGLOCK WHERE ID=1
[INFO ] 22:45:14.553 [Test worker] StandardLockService. - Successfully acquired change log lock
[INFO ] 22:45:14.557 [Test worker] JdbcExecutor. - DROP TABLE PUBLIC.node_checkpoints
[INFO ] 22:45:14.558 [Test worker] ChangeSet. - Table node_checkpoints dropped
[INFO ] 22:45:14.558 [Test worker] JdbcExecutor. - CREATE TABLE PUBLIC.node_checkpoints (flow_id NVARCHAR(64) NOT NULL, status INT NOT NULL, compatible BOOLEAN NOT NULL, progress_step NVARCHAR(256), flow_io_request NVARCHAR(128), timestamp TIMESTAMP NOT NULL)
[INFO ] 22:45:14.559 [Test worker] ChangeSet. - Table node_checkpoints created
[INFO ] 22:45:14.559 [Test worker] ChangeSet. - ChangeSet migration/node-services.changelog-init.xml::add_new_checkpoints_table::R3.Corda ran successfully in 2ms
[INFO ] 22:45:14.559 [Test worker] JdbcExecutor. - SELECT MAX(ORDEREXECUTED) FROM PUBLIC.DATABASECHANGELOG
[INFO ] 22:45:14.561 [Test worker] JdbcExecutor. - INSERT INTO PUBLIC.DATABASECHANGELOG (ID, AUTHOR, FILENAME, DATEEXECUTED, ORDEREXECUTED, MD5SUM, DESCRIPTION, COMMENTS, EXECTYPE, CONTEXTS, LABELS, LIQUIBASE, DEPLOYMENT_ID) VALUES ('add_new_checkpoints_table', 'R3.Corda', 'migration/node-services.changelog-init.xml', NOW(), 94, '8:cc00474f248a40e330cf0f42c5b7e1a6', 'dropTable tableName=node_checkpoints; createTable tableName=node_checkpoints', '', 'EXECUTED', NULL, NULL, '3.6.3', '5844714553')
[INFO ] 22:45:14.562 [Test worker] JdbcExecutor. - CREATE TABLE PUBLIC.node_checkpoint_blobs (flow_id NVARCHAR(64) NOT NULL, checkpoint_value BLOB NOT NULL, flow_state BLOB, timestamp TIMESTAMP NOT NULL, hmac VARBINARY(32) NOT NULL)
[INFO ] 22:45:14.563 [Test worker] ChangeSet. - Table node_checkpoint_blobs created
[INFO ] 22:45:14.563 [Test worker] ChangeSet. - ChangeSet migration/node-services.changelog-init.xml::add_new_checkpoint_blob_table::R3.Corda ran successfully in 1ms
[INFO ] 22:45:14.564 [Test worker] JdbcExecutor. - INSERT INTO PUBLIC.DATABASECHANGELOG (ID, AUTHOR, FILENAME, DATEEXECUTED, ORDEREXECUTED, MD5SUM, DESCRIPTION, COMMENTS, EXECTYPE, CONTEXTS, LABELS, LIQUIBASE, DEPLOYMENT_ID) VALUES ('add_new_checkpoint_blob_table', 'R3.Corda', 'migration/node-services.changelog-init.xml', NOW(), 95, '8:e973d6b794fe4753423964b13fe9fbe6', 'createTable tableName=node_checkpoint_blobs', '', 'EXECUTED', NULL, NULL, '3.6.3', '5844714553')
[INFO ] 22:45:14.565 [Test worker] JdbcExecutor. - CREATE TABLE PUBLIC.node_flow_results (flow_id NVARCHAR(64) NOT NULL, result_value BLOB, timestamp TIMESTAMP NOT NULL)
[INFO ] 22:45:14.566 [Test worker] ChangeSet. - Table node_flow_results created
[INFO ] 22:45:14.566 [Test worker] ChangeSet. - ChangeSet migration/node-services.changelog-init.xml::add_new_flow_result_table::R3.Corda ran successfully in 1ms
[INFO ] 22:45:14.567 [Test worker] JdbcExecutor. - INSERT INTO PUBLIC.DATABASECHANGELOG (ID, AUTHOR, FILENAME, DATEEXECUTED, ORDEREXECUTED, MD5SUM, DESCRIPTION, COMMENTS, EXECTYPE, CONTEXTS, LABELS, LIQUIBASE, DEPLOYMENT_ID) VALUES ('add_new_flow_result_table', 'R3.Corda', 'migration/node-services.changelog-init.xml', NOW(), 96, '8:79f1c80610f26db24d6ab757f57e68b7', 'createTable tableName=node_flow_results', '', 'EXECUTED', NULL, NULL, '3.6.3', '5844714553')
[INFO ] 22:45:14.568 [Test worker] JdbcExecutor. - CREATE TABLE PUBLIC.node_flow_exceptions (flow_id NVARCHAR(64) NOT NULL, type NVARCHAR(256) NOT NULL, exception_message NVARCHAR(2000), stack_trace NVARCHAR(2000) NOT NULL, exception_value BLOB, timestamp TIMESTAMP NOT NULL)
[INFO ] 22:45:14.569 [Test worker] ChangeSet. - Table node_flow_exceptions created
[INFO ] 22:45:14.569 [Test worker] ChangeSet. - ChangeSet migration/node-services.changelog-init.xml::add_new_flow_exceptions_table::R3.Corda ran successfully in 1ms
[INFO ] 22:45:14.570 [Test worker] JdbcExecutor. - INSERT INTO PUBLIC.DATABASECHANGELOG (ID, AUTHOR, FILENAME, DATEEXECUTED, ORDEREXECUTED, MD5SUM, DESCRIPTION, COMMENTS, EXECTYPE, CONTEXTS, LABELS, LIQUIBASE, DEPLOYMENT_ID) VALUES ('add_new_flow_exceptions_table', 'R3.Corda', 'migration/node-services.changelog-init.xml', NOW(), 97, '8:fb0d523c5cf42025c566f105731b34a2', 'createTable tableName=node_flow_exceptions', '', 'EXECUTED', NULL, NULL, '3.6.3', '5844714553')
[INFO ] 22:45:14.571 [Test worker] JdbcExecutor. - CREATE TABLE PUBLIC.node_flow_metadata (flow_id NVARCHAR(64) NOT NULL, invocation_id NVARCHAR(128) NOT NULL, flow_name NVARCHAR(128) NOT NULL, flow_identifier NVARCHAR(512), started_type INT NOT NULL, flow_parameters BLOB NOT NULL, cordapp_name NVARCHAR(128) NOT NULL, platform_version INT NOT NULL, started_by NVARCHAR(128) NOT NULL, invocation_time TIMESTAMP NOT NULL, start_time TIMESTAMP NOT NULL, finish_time TIMESTAMP)
[INFO ] 22:45:14.572 [Test worker] ChangeSet. - Table node_flow_metadata created
[INFO ] 22:45:14.572 [Test worker] ChangeSet. - ChangeSet migration/node-services.changelog-init.xml::add_new_flow_metadata_table::R3.Corda ran successfully in 1ms
[INFO ] 22:45:14.573 [Test worker] JdbcExecutor. - INSERT INTO PUBLIC.DATABASECHANGELOG (ID, AUTHOR, FILENAME, DATEEXECUTED, ORDEREXECUTED, MD5SUM, DESCRIPTION, COMMENTS, EXECTYPE, CONTEXTS, LABELS, LIQUIBASE, DEPLOYMENT_ID) VALUES ('add_new_flow_metadata_table', 'R3.Corda', 'migration/node-services.changelog-init.xml', NOW(), 98, '8:edede3ddf0425fb6d012735a7415013e', 'createTable tableName=node_flow_metadata', '', 'EXECUTED', NULL, NULL, '3.6.3', '5844714553')
[INFO ] 22:45:14.575 [Test worker] JdbcExecutor. - ALTER TABLE PUBLIC.node_checkpoints ADD CONSTRAINT node_checkpoints_pk PRIMARY KEY (flow_id)
[INFO ] 22:45:14.575 [Test worker] ChangeSet. - Primary key added to node_checkpoints (flow_id)
[INFO ] 22:45:14.575 [Test worker] ChangeSet. - ChangeSet migration/node-services.changelog-init.xml::add_new_checkpoint_schema_primary_keys-h2_postgres_oracle::R3.Corda ran successfully in 1ms
[INFO ] 22:45:14.576 [Test worker] JdbcExecutor. - INSERT INTO PUBLIC.DATABASECHANGELOG (ID, AUTHOR, FILENAME, DATEEXECUTED, ORDEREXECUTED, MD5SUM, DESCRIPTION, COMMENTS, EXECTYPE, CONTEXTS, LABELS, LIQUIBASE, DEPLOYMENT_ID) VALUES ('add_new_checkpoint_schema_primary_keys-h2_postgres_oracle', 'R3.Corda', 'migration/node-services.changelog-init.xml', NOW(), 99, '8:23141f3e3b5917c1cd0196f7b03b8f71', 'addPrimaryKey constraintName=node_checkpoints_pk, tableName=node_checkpoints', '', 'EXECUTED', NULL, NULL, '3.6.3', '5844714553')
[INFO ] 22:45:14.578 [Test worker] JdbcExecutor. - CREATE UNIQUE INDEX PUBLIC.node_checkpoint_blobs_idx ON PUBLIC.node_checkpoint_blobs(flow_id)
[INFO ] 22:45:14.579 [Test worker] ChangeSet. - Index node_checkpoint_blobs_idx created
[INFO ] 22:45:14.579 [Test worker] JdbcExecutor. - CREATE UNIQUE INDEX PUBLIC.node_flow_results_idx ON PUBLIC.node_flow_results(flow_id)
[INFO ] 22:45:14.580 [Test worker] ChangeSet. - Index node_flow_results_idx created
[INFO ] 22:45:14.580 [Test worker] JdbcExecutor. - CREATE UNIQUE INDEX PUBLIC.node_flow_exceptions_idx ON PUBLIC.node_flow_exceptions(flow_id)
[...]
  Event: DoRemainingWork
  Actions: 
    SendMultiple(sendInitial=[], sendExisting=[SendExisting(peerParty=O=Mock Company 1, L=London, C=GB, message=ExistingSessionMessage(recipientSessionId=SessionId(toLong=-2225082697895848056), payload=DataSessionMessage(payload=class net.corda.core.serialization.SerializedBytes)), deduplicationId=SenderDeduplicationId(deduplicationId=DeduplicationId(toString=N-R-1707172792727884341--810898131451030961-2-0), senderUUID=fbc9ff9e-7c0e-47b8-8c64-93a240f8b83d))])
    CreateTransaction
  Continuation: Resume(result=class kotlin.Unit)
  Diff between previous and next state:
isFlowResumed: 
    false
    true


 --- Transition of flow [1ac506c6-eda5-4f8b-b0b5-4e9e12c38f30] ---
  Timestamp: 2021-03-15T21:45:17.172Z
  Event: Suspend(ioRequest=Receive(sessions=[FlowSessionImpl(destination=O=Mock Company 1, L=London, C=GB, sourceSessionId=SessionId(toLong=1707172792727884341))]), maySkipCheckpoint=false, fiber=C0A7B63B1608B92D6F5B5FCA5CE5F75DEBE85579BDD9C7E2A46349C80BEECEAC, currentStep=Starting)
  Actions: 
    PersistCheckpoint(id=[1ac506c6-eda5-4f8b-b0b5-4e9e12c38f30], checkpoint=Checkpoint(checkpointState=CheckpointState(invocationContext=InvocationContext(origin=RPC(actor=Actor(id=Id(value=Only For Testing), serviceId=AuthServiceId(value=TEST), owningLegalIdentity=O=Mock Company 2, L=London, C=GB)), trace=Trace(invocationId=28349a72-bb65-4b97-913d-df0f099a6275, timestamp: 2021-03-15T21:45:17.132Z, entityType: Invocation, sessionId=28349a72-bb65-4b97-913d-df0f099a6275, timestamp: 2021-03-15T21:45:17.132Z, entityType: Session), actor=Actor(id=Id(value=Only For Testing), serviceId=AuthServiceId(value=TEST), owningLegalIdentity=O=Mock Company 2, L=London, C=GB), externalTrace=null, impersonatedActor=null, arguments=[], clientId=null), ourIdentity=O=Mock Company 2, L=London, C=GB, sessions={SessionId(toLong=1707172792727884341)=Initiated(peerParty=O=Mock Company 1, L=London, C=GB, peerFlowInfo=FlowInfo(flowVersion=1, appName=<unknown>), receivedMessages=[], otherSideErrored=false, peerSinkSessionId=SessionId(toLong=-2225082697895848056), deduplicationSeed=R-1707172792727884341--810898131451030961)}, sessionsToBeClosed=[], subFlowStack=[Initiating(flowClass=class net.corda.samples.negotiation.flows.UpdateFlow$Initiator, classToInitiateWith=class net.corda.samples.negotiation.flows.UpdateFlow$Initiator, flowInfo=FlowInfo(flowVersion=1, appName=<unknown>), subFlowVersion=CorDappFlow(platformVersion=8, corDappName=workflows-0.2, corDappHash=61A8DA8F9B141ED26456AFAB014B52296B1FA5D02D08C4420686790E319322E0), isEnabledTimedFlow=false), Inlined(flowClass=class net.corda.core.flows.CollectSignaturesFlow, subFlowVersion=CoreFlow(platformVersion=8), isEnabledTimedFlow=false), Inlined(flowClass=class net.corda.core.flows.CollectSignatureFlow, subFlowVersion=CoreFlow(platformVersion=8), isEnabledTimedFlow=false)], numberOfSuspends=3, numberOfCommits=4), flowState=Started(flowIORequest=Receive(sessions=[FlowSessionImpl(destination=O=Mock Company 1, L=London, C=GB, sourceSessionId=SessionId(toLong=1707172792727884341))]), frozenFiber=C0A7B63B1608B92D6F5B5FCA5CE5F75DEBE85579BDD9C7E2A46349C80BEECEAC), errorState=Clean, result=null, status=RUNNABLE, progressStep=Starting, flowIoRequest=Receive, compatible=true), isCheckpointUpdate=true)
    PersistDeduplicationFacts(deduplicationHandlers=[])
    CommitTransaction
    AcknowledgeMessages(deduplicationHandlers=[])
    ScheduleEvent(event=DoRemainingWork)
  Continuation: ProcessEvents
  Diff between previous and next state:
checkpoint.flowState.flowIORequest: 
    Send(sessionToMessage={FlowSessionImpl(destination=O=Mock Company 1, L=London, C=GB, sourceSessionId=SessionId(toLong=1707172792727884341))=DDDA016BAF6B2F734FB655022CAAACEAA1355663331477BDB518BA3DD3A856D4})
    Receive(sessions=[FlowSessionImpl(destination=O=Mock Company 1, L=London, C=GB, sourceSessionId=SessionId(toLong=1707172792727884341))])
checkpoint.flowState.frozenFiber.hash: 
    F88A34121EFB48C41C2E780A120ABC8CC09056736BE0178CDAEE11751A1096B9
    C0A7B63B1608B92D6F5B5FCA5CE5F75DEBE85579BDD9C7E2A46349C80BEECEAC
checkpoint.checkpointState.numberOfSuspends: 
    2
    3
checkpoint.checkpointState.numberOfCommits: 
    3
    4
checkpoint.flowIoRequest: 
    Send
    Receive
checkpoint.timestamp: 
    2021-03-15T21:45:17.169Z
    2021-03-15T21:45:17.171Z
numberOfCommits: 
    3
    4
isFlowResumed: 
    true
    false


 --- Transition of flow [1ac506c6-eda5-4f8b-b0b5-4e9e12c38f30] ---
  Timestamp: 2021-03-15T21:45:17.172Z
  Event: DoRemainingWork
  Actions: 
    
  Continuation: ProcessEvents
  Diff between previous and next state:
null

 --- Transition of flow [1ac506c6-eda5-4f8b-b0b5-4e9e12c38f30] ---
  Timestamp: 2021-03-15T21:45:17.264Z
  Event: DeliverSessionMessage(sessionMessage=ExistingSessionMessage(recipientSessionId=SessionId(toLong=1707172792727884341), payload=ErrorSessionMessage(flowException=null, errorId=-4652315064329695472)), deduplicationHandler=net.corda.testing.node.internal.MockNodeMessagingService$InMemoryDeduplicationHandler@618c5e02, sender=O=Mock Company 1, L=London, C=GB)
  Actions: 
    ScheduleEvent(event=DoRemainingWork)
  Continuation: ProcessEvents
  Diff between previous and next state:
checkpoint.checkpointState.sessions.SessionId(toLong=1707172792727884341).receivedMessages: 
    []
    [ErrorSessionMessage(flowException=null, errorId=-4652315064329695472)]
checkpoint.timestamp: 
    2021-03-15T21:45:17.172Z
    2021-03-15T21:45:17.264Z
pendingDeduplicationHandlers: 
    []
    [net.corda.testing.node.internal.MockNodeMessagingService$InMemoryDeduplicationHandler@618c5e02]


 --- Transition of flow [1ac506c6-eda5-4f8b-b0b5-4e9e12c38f30] ---
  Timestamp: 2021-03-15T21:45:17.265Z
  Event: DoRemainingWork
  Actions: 
    CreateTransaction
  Continuation: Throw(throwable=net.corda.core.flows.UnexpectedFlowEndException: Counter-flow errored)
  Diff between previous and next state:
checkpoint.checkpointState.sessions.SessionId(toLong=1707172792727884341).otherSideErrored: 
    false
    true
checkpoint.checkpointState.sessions.SessionId(toLong=1707172792727884341).receivedMessages: 
    [ErrorSessionMessage(flowException=null, errorId=-4652315064329695472)]
    []
checkpoint.timestamp: 
    2021-03-15T21:45:17.264Z
    2021-03-15T21:45:17.265Z
isFlowResumed: 
    false
    true


 --- Transition of flow [1ac506c6-eda5-4f8b-b0b5-4e9e12c38f30] ---
  Timestamp: 2021-03-15T21:45:17.265Z
  Event: LeaveSubFlow
  Actions: 
    
  Continuation: ProcessEvents
  Diff between previous and next state:
checkpoint.checkpointState.subFlowStack: 
    [Initiating(flowClass=class net.corda.samples.negotiation.flows.UpdateFlow$Initiator, classToInitiateWith=class net.corda.samples.negotiation.flows.UpdateFlow$Initiator, flowInfo=FlowInfo(flowVersion=1, appName=<unknown>), subFlowVersion=CorDappFlow(platformVersion=8, corDappName=workflows-0.2, corDappHash=61A8DA8F9B141ED26456AFAB014B52296B1FA5D02D08C4420686790E319322E0), isEnabledTimedFlow=false), Inlined(flowClass=class net.corda.core.flows.CollectSignaturesFlow, subFlowVersion=CoreFlow(platformVersion=8), isEnabledTimedFlow=false), Inlined(flowClass=class net.corda.core.flows.CollectSignatureFlow, subFlowVersion=CoreFlow(platformVersion=8), isEnabledTimedFlow=false)]
    [Initiating(flowClass=class net.corda.samples.negotiation.flows.UpdateFlow$Initiator, classToInitiateWith=class net.corda.samples.negotiation.flows.UpdateFlow$Initiator, flowInfo=FlowInfo(flowVersion=1, appName=<unknown>), subFlowVersion=CorDappFlow(platformVersion=8, corDappName=workflows-0.2, corDappHash=61A8DA8F9B141ED26456AFAB014B52296B1FA5D02D08C4420686790E319322E0), isEnabledTimedFlow=false), Inlined(flowClass=class net.corda.core.flows.CollectSignaturesFlow, subFlowVersion=CoreFlow(platformVersion=8), isEnabledTimedFlow=false)]


 --- Transition of flow [1ac506c6-eda5-4f8b-b0b5-4e9e12c38f30] ---
  Timestamp: 2021-03-15T21:45:17.265Z
  Event: LeaveSubFlow
  Actions: 
    
  Continuation: ProcessEvents
  Diff between previous and next state:
checkpoint.checkpointState.subFlowStack: 
    [Initiating(flowClass=class net.corda.samples.negotiation.flows.UpdateFlow$Initiator, classToInitiateWith=class net.corda.samples.negotiation.flows.UpdateFlow$Initiator, flowInfo=FlowInfo(flowVersion=1, appName=<unknown>), subFlowVersion=CorDappFlow(platformVersion=8, corDappName=workflows-0.2, corDappHash=61A8DA8F9B141ED26456AFAB014B52296B1FA5D02D08C4420686790E319322E0), isEnabledTimedFlow=false), Inlined(flowClass=class net.corda.core.flows.CollectSignaturesFlow, subFlowVersion=CoreFlow(platformVersion=8), isEnabledTimedFlow=false)]
    [Initiating(flowClass=class net.corda.samples.negotiation.flows.UpdateFlow$Initiator, classToInitiateWith=class net.corda.samples.negotiation.flows.UpdateFlow$Initiator, flowInfo=FlowInfo(flowVersion=1, appName=<unknown>), subFlowVersion=CorDappFlow(platformVersion=8, corDappName=workflows-0.2, corDappHash=61A8DA8F9B141ED26456AFAB014B52296B1FA5D02D08C4420686790E319322E0), isEnabledTimedFlow=false)]


 --- Transition of flow [1ac506c6-eda5-4f8b-b0b5-4e9e12c38f30] ---
  Timestamp: 2021-03-15T21:45:17.266Z
  Event: Error(exception=net.corda.core.flows.UnexpectedFlowEndException: Counter-flow errored, rollback=true)
  Actions: 
    RollbackTransaction
    ScheduleEvent(event=DoRemainingWork)
  Continuation: ProcessEvents
  Diff between previous and next state:
checkpoint.errorState: 
    Clean
    Errored(errors=[FlowError(errorId=-4652315064329695472, exception=net.corda.core.flows.UnexpectedFlowEndException: Counter-flow errored)], propagatedIndex=0, propagating=false)
isFlowResumed: 
    true
    false


 --- Transition of flow [1ac506c6-eda5-4f8b-b0b5-4e9e12c38f30] ---
  Timestamp: 2021-03-15T21:45:17.266Z
  Event: DoRemainingWork
  Actions: 
    
  Continuation: ProcessEvents
  Diff between previous and next state:
null

 --- Transition of flow [1ac506c6-eda5-4f8b-b0b5-4e9e12c38f30] ---
  Timestamp: 2021-03-15T21:45:17.266Z
  Event: StartErrorPropagation
  Actions: 
    ScheduleEvent(event=DoRemainingWork)
  Continuation: ProcessEvents
  Diff between previous and next state:
checkpoint.errorState.propagating: 
    false
    true
checkpoint.timestamp: 
    2021-03-15T21:45:17.265Z
    2021-03-15T21:45:17.266Z


 --- Transition of flow [1ac506c6-eda5-4f8b-b0b5-4e9e12c38f30] ---
  Timestamp: 2021-03-15T21:45:17.290Z
  Event: DoRemainingWork
  Actions: 
    PropagateErrors(errorMessages=[ErrorSessionMessage(flowException=null, errorId=-4652315064329695472)], sessions=[], senderUUID=fbc9ff9e-7c0e-47b8-8c64-93a240f8b83d)
    CreateTransaction
    RemoveCheckpoint(id=[1ac506c6-eda5-4f8b-b0b5-4e9e12c38f30], mayHavePersistentResults=false)
    PersistDeduplicationFacts(deduplicationHandlers=[net.corda.testing.node.internal.MockNodeMessagingService$InMemoryDeduplicationHandler@618c5e02])
    ReleaseSoftLocks(uuid=1ac506c6-eda5-4f8b-b0b5-4e9e12c38f30)
    CommitTransaction
    AcknowledgeMessages(deduplicationHandlers=[net.corda.testing.node.internal.MockNodeMessagingService$InMemoryDeduplicationHandler@618c5e02])
    RemoveSessionBindings(sessionIds=[SessionId(toLong=1707172792727884341)])
    RemoveFlow(flowId=[1ac506c6-eda5-4f8b-b0b5-4e9e12c38f30], removalReason=ErrorFinish(flowErrors=[FlowError(errorId=-4652315064329695472, exception=net.corda.core.flows.UnexpectedFlowEndException: Counter-flow errored)]), lastState=StateMachineState(checkpoint=Checkpoint(checkpointState=CheckpointState(invocationContext=InvocationContext(origin=RPC(actor=Actor(id=Id(value=Only For Testing), serviceId=AuthServiceId(value=TEST), owningLegalIdentity=O=Mock Company 2, L=London, C=GB)), trace=Trace(invocationId=28349a72-bb65-4b97-913d-df0f099a6275, timestamp: 2021-03-15T21:45:17.132Z, entityType: Invocation, sessionId=28349a72-bb65-4b97-913d-df0f099a6275, timestamp: 2021-03-15T21:45:17.132Z, entityType: Session), actor=Actor(id=Id(value=Only For Testing), serviceId=AuthServiceId(value=TEST), owningLegalIdentity=O=Mock Company 2, L=London, C=GB), externalTrace=null, impersonatedActor=null, arguments=[], clientId=null), ourIdentity=O=Mock Company 2, L=London, C=GB, sessions={SessionId(toLong=1707172792727884341)=Initiated(peerParty=O=Mock Company 1, L=London, C=GB, peerFlowInfo=FlowInfo(flowVersion=1, appName=<unknown>), receivedMessages=[], otherSideErrored=true, peerSinkSessionId=SessionId(toLong=-2225082697895848056), deduplicationSeed=R-1707172792727884341--810898131451030961)}, sessionsToBeClosed=[], subFlowStack=[Initiating(flowClass=class net.corda.samples.negotiation.flows.UpdateFlow$Initiator, classToInitiateWith=class net.corda.samples.negotiation.flows.UpdateFlow$Initiator, flowInfo=FlowInfo(flowVersion=1, appName=<unknown>), subFlowVersion=CorDappFlow(platformVersion=8, corDappName=workflows-0.2, corDappHash=61A8DA8F9B141ED26456AFAB014B52296B1FA5D02D08C4420686790E319322E0), isEnabledTimedFlow=false)], numberOfSuspends=3, numberOfCommits=5), flowState=net.corda.node.services.statemachine.FlowState$Finished@604d7531, errorState=Errored(errors=[FlowError(errorId=-4652315064329695472, exception=net.corda.core.flows.UnexpectedFlowEndException: Counter-flow errored)], propagatedIndex=0, propagating=true), result=null, status=FAILED, progressStep=Starting, flowIoRequest=Receive, compatible=true), flowLogic=net.corda.samples.negotiation.flows.UpdateFlow$Initiator@2ea3ed89, pendingDeduplicationHandlers=[], isFlowResumed=false, isWaitingForFuture=false, future=null, isAnyCheckpointPersisted=true, isStartIdempotent=false, isRemoved=true, isKilled=false, senderUUID=fbc9ff9e-7c0e-47b8-8c64-93a240f8b83d, reloadCheckpointAfterSuspendCount=null, numberOfCommits=5, lock=java.util.concurrent.Semaphore@1882adc5[Permits = 0]))
  Continuation: Abort
  Diff between previous and next state:
checkpoint.flowState: 
    Started(flowIORequest=Receive(sessions=[FlowSessionImpl(destination=O=Mock Company 1, L=London, C=GB, sourceSessionId=SessionId(toLong=1707172792727884341))]), frozenFiber=C0A7B63B1608B92D6F5B5FCA5CE5F75DEBE85579BDD9C7E2A46349C80BEECEAC)
    net.corda.node.services.statemachine.FlowState$Finished@604d7531
checkpoint.checkpointState.numberOfCommits: 
    4
    5
checkpoint.timestamp: 
    2021-03-15T21:45:17.266Z
    2021-03-15T21:45:17.272Z
checkpoint.status: 
    RUNNABLE
    FAILED
numberOfCommits: 
    4
    5
pendingDeduplicationHandlers: 
    [net.corda.testing.node.internal.MockNodeMessagingService$InMemoryDeduplicationHandler@618c5e02]
    []
isRemoved: 
    false
    true

[WARN ] 22:45:17.296 [Mock network] DumpHistoryOnErrorInterceptor. - Flow [1ac506c6-eda5-4f8b-b0b5-4e9e12c38f30] error
net.corda.core.flows.UnexpectedFlowEndException: Counter-flow errored
	at Received unexpected counter-flow exception from peer O=Mock Company 1, L=London, C=GB.() ~[?:?]
	at net.corda.node.services.statemachine.FlowStateMachineImpl.fillInLocalStackTrace(FlowStateMachineImpl.kt:244) ~[corda-node-4.6.jar:?]
	at net.corda.node.services.statemachine.FlowStateMachineImpl.processEventsUntilFlowIsResumed(FlowStateMachineImpl.kt:225) ~[corda-node-4.6.jar:?]
	at net.corda.node.services.statemachine.FlowStateMachineImpl.suspend(FlowStateMachineImpl.kt:574) ~[corda-node-4.6.jar:?]
	at net.corda.node.services.statemachine.FlowSessionImpl.receive(FlowSessionImpl.kt:67) ~[corda-node-4.6.jar:?]
	at net.corda.node.services.statemachine.FlowSessionImpl.receive(FlowSessionImpl.kt:71) ~[corda-node-4.6.jar:?]
	at net.corda.core.flows.CollectSignatureFlow.call(CollectSignaturesFlow.kt:351) ~[corda-core-4.6.jar:?]
	at net.corda.core.flows.CollectSignatureFlow.call(CollectSignaturesFlow.kt:199) ~[corda-core-4.6.jar:?]
	at net.corda.node.services.statemachine.FlowStateMachineImpl.subFlow(FlowStateMachineImpl.kt:417) ~[corda-node-4.6.jar:?]
	at net.corda.core.flows.FlowLogic.subFlow(FlowLogic.kt:414) ~[corda-core-4.6.jar:?]
	at net.corda.core.flows.CollectSignaturesFlow.call(CollectSignaturesFlow.kt:177) ~[corda-core-4.6.jar:?]
	at net.corda.core.flows.CollectSignaturesFlow.call(CollectSignaturesFlow.kt:67) ~[corda-core-4.6.jar:?]
	at net.corda.node.services.statemachine.FlowStateMachineImpl.subFlow(FlowStateMachineImpl.kt:417) ~[corda-node-4.6.jar:?]
	at net.corda.core.flows.FlowLogic.subFlow(FlowLogic.kt:414) ~[corda-core-4.6.jar:?]
	at net.corda.samples.negotiation.flows.UpdateFlow$Initiator.call(UpdateFlow.kt:52) ~[main/:?]
	at net.corda.samples.negotiation.flows.UpdateFlow$Initiator.call(UpdateFlow.kt:19) ~[main/:?]
	at net.corda.node.services.statemachine.FlowStateMachineImpl.run(FlowStateMachineImpl.kt:346) ~[corda-node-4.6.jar:?]
	at net.corda.node.services.statemachine.FlowStateMachineImpl.run(FlowStateMachineImpl.kt:71) ~[corda-node-4.6.jar:?]
	at co.paralleluniverse.fibers.Fiber.run1(Fiber.java:1092) ~[quasar-core-0.7.10.jar:0.7.10]
	at co.paralleluniverse.fibers.Fiber.exec(Fiber.java:788) ~[quasar-core-0.7.10.jar:0.7.10]
	at co.paralleluniverse.fibers.RunnableFiberTask.doExec(RunnableFiberTask.java:100) ~[quasar-core-0.7.10.jar:0.7.10]
	at co.paralleluniverse.fibers.RunnableFiberTask.run(RunnableFiberTask.java:91) ~[quasar-core-0.7.10.jar:0.7.10]
	at java.util.concurrent.Executors$RunnableAdapter.call(Executors.java:511) ~[?:1.8.0_261]
	at java.util.concurrent.FutureTask.run(FutureTask.java:266) ~[?:1.8.0_261]
	at java.util.concurrent.ScheduledThreadPoolExecutor$ScheduledFutureTask.access$201(ScheduledThreadPoolExecutor.java:180) ~[?:1.8.0_261]
	at java.util.concurrent.ScheduledThreadPoolExecutor$ScheduledFutureTask.run(ScheduledThreadPoolExecutor.java:293) ~[?:1.8.0_261]
	at java.util.concurrent.ThreadPoolExecutor.runWorker(ThreadPoolExecutor.java:1149) ~[?:1.8.0_261]
	at java.util.concurrent.ThreadPoolExecutor$Worker.run(ThreadPoolExecutor.java:624) ~[?:1.8.0_261]
	at net.corda.node.utilities.AffinityExecutor$ServiceAffinityExecutor$1$thread$1.run(AffinityExecutor.kt:63) ~[corda-node-4.6.jar:?]
[INFO ] 22:45:17.307 [Test worker] CordaPersistence. - Closing HikariDataSource (HikariPool-1)
[INFO ] 22:45:17.307 [Test worker] HikariDataSource. - HikariPool-1 - Shutdown initiated...
[INFO ] 22:45:17.328 [Test worker] HikariDataSource. - HikariPool-1 - Shutdown completed.
[INFO ] 22:45:17.328 [Test worker] MockNodeMessagingService. - Status change to false
[INFO ] 22:45:17.328 [Test worker] InternalMockNetwork$MockNode. - MessagingService active change to: false
[INFO ] 22:45:17.331 [Test worker] CordaPersistence. - Closing HikariDataSource (HikariPool-2)
[INFO ] 22:45:17.331 [Test worker] HikariDataSource. - HikariPool-2 - Shutdown initiated...
[INFO ] 22:45:17.343 [Test worker] HikariDataSource. - HikariPool-2 - Shutdown completed.
[INFO ] 22:45:17.343 [Test worker] MockNodeMessagingService. - Status change to false
[INFO ] 22:45:17.343 [Test worker] InternalMockNetwork$MockNode. - MessagingService active change to: false
[INFO ] 22:45:17.344 [Test worker] CordaPersistence. - Closing HikariDataSource (HikariPool-3)
[INFO ] 22:45:17.344 [Test worker] HikariDataSource. - HikariPool-3 - Shutdown initiated...
[INFO ] 22:45:17.357 [Test worker] HikariDataSource. - HikariPool-3 - Shutdown completed.
[INFO ] 22:45:17.357 [Test worker] MockNodeMessagingService. - Status change to false
[INFO ] 22:45:17.357 [Test worker] InternalMockNetwork$MockNode. - MessagingService active change to: false
[INFO ] 22:45:17.358 [Test worker] CordaPersistence. - Closing HikariDataSource (HikariPool-4)
[INFO ] 22:45:17.358 [Test worker] HikariDataSource. - HikariPool-4 - Shutdown initiated...
[INFO ] 22:45:17.367 [Test worker] HikariDataSource. - HikariPool-4 - Shutdown completed.
[INFO ] 22:45:17.367 [Test worker] MockNodeMessagingService. - Status change to false
[INFO ] 22:45:17.367 [Test worker] InternalMockNetwork$MockNode. - MessagingService active change to: false
]]></system-out>
  <system-err><![CDATA[QUASAR WARNING: Assertions enabled. This may harm performance.
QUASAR WARNING: Fibers are set to verify instrumentation. This may *severely* harm performance.
]]></system-err>
</testsuite>
